longFrameLimit=11.545 Recording trials where one or more interframe interval exceeded this figure 
second window opening runInfo mean ms= 11.763549135601783
22.2006 	ERROR 	Median frames per second =85.1 BUT program assumes 110.0which is off by more than3%!!
22.2007 	INFO 	computer platform=darwin
22.2008 	INFO 	File that generated this = sys.argv[0]= /Users/labmember/Documents/GitHub/MOTcircularClean/MOTcircular.py
22.2008 	INFO 	has_retina_scrn=False
3.0000 	INFO 	trialsPerCondition =
22.2015 	WARNING 	Requested an unavailable screen number - using first available.
22.6503 	EXP 	Created window1 = Window(allowGUI=False, allowStencil=False, autoLog=True, backendConf=UNKNOWN, backgroundFit=<method-wrapper '__getattribute__' of attributeSetter object at 0x7f85d6024640>, backgroundImage=<method-wrapper '__getattribute__' of attributeSetter object at 0x7f85d60245e0>, bitsMode=UNKNOWN, blendMode='avg', bpc=(8, 8, 8), color=array([-1, -1, -1]), colorSpace='rgb', depthBits=8, fullscr=<method-wrapper '__getattribute__' of attributeSetter object at 0x7f85d6024460>, gamma=None, gammaErrorPolicy='raise', lms=UNKNOWN, monitor=<psychopy.monitors.calibTools.Monitor object at 0x7f85cededee0>, multiSample=False, name='window1', numSamples=2, pos=[0.0, 0.0], screen=1, size=array([800, 600]), stencilBits=0, stereo=False, title='PsychoPy', units='deg', useFBO=False, useRetina=False, viewOri=0.0, viewPos=None, viewScale=None, waitBlanking=False, winType='pyglet')
22.6505 	EXP 	window1: mouseVisible = True
22.6506 	EXP 	window1: backgroundImage = None
22.6506 	EXP 	window1: backgroundFit = 'cover'
22.6507 	EXP 	window1: mouseVisible = 'true'
22.7976 	INFO 	Successfully set darwin thread to realtime
23.5104 	INFO 	#[ PsychoPy3 RuntimeInfoStart ]
  #[[ PsychoPy ]] #---------
    psychopyVersion: 2023.2.3
    psychopyHaveExtRush: True
  #[[ Experiment ]] #---------
    experimentAuthVersion: None
    experimentAuthor: None
    experimentRunTime: 2024_02_07 11:22 (Year_Month_Day Hour:Min)
    experimentRunTime.epoch: 1707265363
    experimentScript: MOTcircular.py
    experimentScript.digestSHA1: f7917f60b84336b9581a1c6aa77180a1d0c95dc3
    experimentScript.directory: /Users/labmember/Documents/GitHub/MOTcircularClean
  #[[ System ]] #---------
    systemFlacVersion: flac 1.3.3
    systemHaveInternetAccess: True
    systemHostName: alexs-mbp.staff.wireless.sydney.edu.au
    systemLocale: None.UTF-8
    systemMemFreeRAM: 9711.3203125
    systemMemTotalRAM: 16384.0
    systemPlatform: darwin 10.16 x86_64
    systemRavailable: R version 4.0.3 (2020-10-10) -- Bunny-Wunnies Freak Out
    systemRebooted: Feb 7 09:49
    systemSec.OpenSSLVersion: LibreSSL 2.8.3
    systemSec.pythonSSL: True
    systemTimeNumpySD1000000_sec: 0.0027
    systemUser: labmember
    systemUserID: 503
    systemUserProcCmdPid: dmd mediaremoted notifyd appssoagent promotedcontentd reportcrash cfprefsd echo_uc_upload coreservicesuiagent sharedfilelistd 'github desktop helper (renderer)' autofsd imdpersistenceagent securityd safeejectgpuservice notificationcenter amsaccountsd tccd fmfd mailcachedelete powerd airplayuiagent swcd iconservicesagent wifianalyticsd bash logd_helper runningboardd safeejectgpuagent containermanager findmymacd diagnostics_agent localizationswitcherd talagent contactsaccountsservice spindump_agent coreaudiod configd passwordbreachagent com.apple.safari.history captiveagent touchbarserver akd careportingservi accountsd contextstored com.apple.clouddocs.mobiledocumentsfileprovider installd lockoutagent cachedeleteextension awdd com.apple.audio. escrowsecurityalert mdnsresponder 'github desktop' textinputmenuagent uninstalld com.apple.bkagentservice keybagd devicecheckd systemsoundserve useractivityd periodic-wrapper pboard echo_spinner system_installd online-authd calncservice aslmanager com.apple.dock.external.extra.x86_64 tvcacheextension com.apple.sbd com.apple.appsto kernel_task suggestd quicklooksatellite photoanalysisd embeddedosinstal aksusbd fontd echo_upload_log rtcreportingd nfcd filecoordination cloudd aned storedownloadd com.apple.geod mds iconservicesd controlstrip usernoted spotlight mdworker_shared pbs thermalmonitord bluetoothd uikitsystem symsharedsetting carboncomponentscannerxpc textinputswitcher com.apple.audio.sandboxhelper colorsync.displa echo_shrec nsurlsessiond sandboxd corelocationagent usernotificationcenter com.apple.hiservices-xpcservice watchdogd perfpowerservice newstoday2 com.apple.ifdrea coresymbolicatio com.apple.quicklook.thumbnailsagent screentimewidgetextension backupd quicklookuiservice applecredentialm windowserver gamecontrollerd applessdstatisti mapspushd echo_system_stat audiocomponentre com.apple.characterpicker.fileservice cdpd installcoordinat apsd viewbridgeauxiliary keyboardservicesd coreauthd com.apple.driver launchservicesd deleted_helper photolibraryd screentimeagent secinitd locationd routined com.apple.siri.embeddedspeech poweruiagent dock 'github desktop helper (gpu)' cloudkeychainproxy appstoreagent neagent rapportd familycircled siriinferenced lsd backgroundtaskmanagementagent amplibraryagent stockswidget thermald xprotectpluginservice contextstoreagent amfid logd safarilaunchagent com.apple.hiserv protectedcloudkeysyncing podcastcontentservice nehelper com.apple.dock.extra replayd opendirectoryd corespeechd echo_session_agent coreduetd ctkd com.apple.appkit.xpc.openandsavepanelservice airplayxpchelper parsecd corebrightnessd mdbulkimport standaloneupdate corespotlightd musiccacheextension lskdd symantec usbd calendaragent simulatortrampoline adprivacyd agsservice biometrickitd searchpartyd bootinstalld wirelessradioman hidd vdcassistant xprotect dprivacyd pluginlibraryser crashreportersup echo_ws_api newsd aspcarrylog netbiosd mdworker pkd sysextd endpointsecurity distnoted auditd trustd scopedbookmarkagent dockhelper universalaccessd usagetrackingagent com.apple.mobile containermanagerd colorsync.useragent 'github desktop helper' systemuiserver terminal 'keychain circle notification' worldclockwidget receiverhelper analyticsd smd com.apple.cmio.r knowledge-agent com.apple.safari.safebrowsing.service systemstats assistantd passd backupd-helper calendarwidgetextension diagnosticextensionsd sysdiagnose findmydeviced com.apple.codesi itunescloudd icdd xprotectpluginse symptomsd-diag mobileassetd assetcache colorsyncd eoshostd echo_adhoc_contr bird media-indexer airportd cvmserver usereventagent mediaanalysisd timed symseplps mds_stores secd hasplmd ndoagent finder softwareupdated mirrordisplays imagent networkserviceproxy followupd ampartworkagent translationd storagekitd nesessionmanager softwareupdatenotificationmanager pluginlibraryservice weatherwidget ampdevicediscoveryagent authd diskmanagementd applespell kerneleventagent logind wifiagent imklaunchagent callservicesd ctkahp submitdiaginfo com.cisco.anycon fontworker amsengagementd mdnsresponderhel syspolicyd apfsd fairplayd tzd usbmuxd commcenter launchd taskgated xprotectservice diskunmountwatcher homed assetcachelocatorservice mtlcompilerservi wifivelocityd icloudnotificationagent sharingd com.apple.appleu com.apple.accoun remoted symptomsd safaribookmarkssyncagent vpnagentd com.apple.coresimulator.coresimulatorservice controlcenter audiocomponentregistrar suhelperd iconservicesagen mobileactivation viewbridgeauxili identityservicesd imremoteurlconnectionagent syslogd echo_restapi coreservicesd revisiond emojifunctionrowim_extension mdwrite psychopy servicerecords seld spindump askpermissiond biokitaggdd commerce usbagent echo_task_manage apfsuseragent displaypolicyd deleted xpcroleaccountd com.apple.ambien callhistorypluginhelper wifivelocityagent python fileproviderd assetcachetether eapolclient kernelmanagerd mediaremoteagent contextservice transparencyd fseventsd loginwindow xartstorageremot securityd_servic gsscred com.apple.colors sysmond triald diskarbitrationd cloudpaird dasd com.symantec.mes zoutlookpluginagent echo_user_agent categoriesservice echo_nginx appleeventsd adid
    systemUserProcCount: 447
    systemUserProcFlagged: mds SafariBookmarksSyncAgent mdworker_shared mdworker itunescloudd SafariLaunchAgent mds_stores
    systemUsersCount: 1
  #[[ Window ]] #---------
    windowWinType: pyglet
    windowWaitBlanking: False
    windowUseNativeGamma: True
    windowUnits: deg
    windowSize_pix: [800 600]
    windowScreen: 1
    windowRgb: [-1 -1 -1]
    windowRefreshTimeSD_ms: 0.746
    windowRefreshTimeMedian_ms: 11.754
    windowRefreshTimeAvg_ms: 11.764
    windowRefreshThreshold_sec: 0.0141
    windowRecordFrameIntervals: False
    windowPos_pix: [0.0, 0.0]
    windowMonitor.name: testMonitor
    windowMonitor.getWidth_cm: 38.0
    windowMonitor.getLinearizeMethod: 1
    windowMonitor.getGammaGrid: [[ 0.  1.  1. nan nan nan]
 [ 0.  1.  1. nan nan nan]
 [ 0.  1.  1. nan nan nan]
 [ 0.  1.  1. nan nan nan]]
    windowMonitor.getDistance_cm: 50.0
    windowMonitor.gammaInterpolator2: None
    windowMonitor.gammaInterpolator: None
    windowMonitor.currentCalibName: 2023_12_15 12:40
    windowIsFullScr: 1
    windowHaveShaders: True
    windowAllowGUI: False
  #[[ Python ]] #---------
    pythonWxVersion: 4.1.1 osx-cocoa (phoenix) wxWidgets 3.1.5
    pythonVersion: 3.8.10
    pythonScipyVersion: 1.10.1
    pythonPygletVersion: 1.5.27
    pythonPygameVersion: (no pygame)
    pythonNumpyVersion: 1.23.5
    pythonMatplotlibVersion: 3.7.1
    pythonFullVersion: 3.8.10 (v3.8.10:3d8993a744, May  3 2021, 08:55:58)  [Clang 6.0 (clang-600.0.57)]
    pythonExecutable: /Applications/PsychoPy.app/Contents/MacOS/python
  #[[ OpenGL ]] #---------
    openGLmaxVerticesInVertexArray: 1048575
    False: openGLext.GL_STEREO
    True: openGLext.GL_EXT_framebuffer_object
    True: openGLext.GL_ARB_vertex_shader
    True: openGLext.GL_ARB_texture_non_power_of_two
    True: openGLext.GL_ARB_texture_float
    True: openGLext.GL_ARB_shader_objects
    True: openGLext.GL_ARB_multitexture
    True: openGLext.GL_ARB_fragment_program
    openGLVersion: 2.1 ATI-4.6.20
    openGLVendor: ATI Technologies Inc.
    openGLRenderingEngine: AMD Radeon Pro 460 OpenGL Engine
#[ PsychoPy3 RuntimeInfoEnd ]

23.5112 	INFO 	gammaGrid=[[ 0.  1.  1. nan nan nan]
 [ 0.  1.  1. nan nan nan]
 [ 0.  1.  1. nan nan nan]
 [ 0.  1.  1. nan nan nan]]
23.5113 	INFO 	linearizeMethod=1
23.5126 	EXP 	window1: mouseVisible = True
23.5153 	EXP 	window1: mouseVisible = True
23.5200 	EXP 	window1: mouseVisible = True
23.5213 	EXP 	window1: mouseVisible = True
23.5224 	EXP 	window1: mouseVisible = True
23.5235 	EXP 	window1: mouseVisible = True
23.5254 	EXP 	window1: mouseVisible = True
23.5266 	EXP 	window1: mouseVisible = True
23.5273 	EXP 	window1: mouseVisible = True
23.5294 	EXP 	window1: mouseVisible = True
23.5312 	EXP 	window1: mouseVisible = True
23.5335 	EXP 	window1: mouseVisible = True
23.5722 	EXP 	window1: mouseVisible = True
23.5752 	EXP 	window1: mouseVisible = True
23.5778 	EXP 	window1: mouseVisible = True
23.8981 	EXP 	Created sequence: random, trialTypes=32, nReps=3, seed=None
24.1166 	INFO 	starting exp with name: "TemporalFrequencyLimit" at 07Feb2024_11-22
24.1166 	INFO 	numtrials=96, trialDurMin= 1 trackVariableIntervMax= 0.8refreshRate=110.0
24.1167 	INFO 	cueRampUpDur=0 cueRampDownDur= 0 secs

24.1167 	INFO 	task=track   respType=order
24.1167 	INFO 	ring radii=[2.19, 8.33, 13.16]
24.1167 	INFO 	drawingAsGrating=False gratingTexPix=1024 antialiasGrating=True
24.1190 	EXP 	New trial (rep=0, index=0): {'basicShape': 'circle', 'numObjectsInRing': 8, 'speed': 0.7, 'initialDirRing0': 1, 'numTargets': 2, 'whichIsTargetEachRing': array([-999., -999., -999.]), 'ringToQuery': 999}
368.7465 	INFO 	Successfully set darwin thread to realtime
368.8474 	EXP 	window1: mouseVisible = False
374.8318 	EXP 	window1: mouseVisible = True
374.8330 	EXP 	Sound  started
376.0887 	DATA 	Mouse: Left button down, pos=(325,165)
376.2262 	DATA 	Mouse:  Left button up, pos=(325,165)
376.2276 	EXP 	Sound  started
376.3782 	EXP 	New trial (rep=0, index=1): {'basicShape': 'circle', 'numObjectsInRing': 8, 'speed': 0.65, 'initialDirRing0': -1, 'numTargets': 3, 'whichIsTargetEachRing': array([-999., -999., -999.]), 'ringToQuery': 999}
376.5794 	INFO 	Successfully set darwin thread to realtime
376.6807 	EXP 	window1: mouseVisible = False
380.6923 	EXP 	window1: mouseVisible = True
380.6935 	EXP 	Sound  started
382.2305 	DATA 	Mouse: Left button down, pos=(358,290)
382.3668 	EXP 	Sound  started
382.3940 	DATA 	Mouse:  Left button up, pos=(358,290)
382.5173 	EXP 	New trial (rep=0, index=2): {'basicShape': 'circle', 'numObjectsInRing': 8, 'speed': 0.35, 'initialDirRing0': -1, 'numTargets': 3, 'whichIsTargetEachRing': array([-999., -999., -999.]), 'ringToQuery': 999}
382.7176 	INFO 	Successfully set darwin thread to realtime
382.8188 	EXP 	window1: mouseVisible = False
386.5497 	EXP 	window1: mouseVisible = True
386.5508 	EXP 	Sound  stopped
386.5509 	EXP 	Sound  started
387.3248 	DATA 	Mouse: Left button down, pos=(388,261)
387.4614 	EXP 	Sound  started
387.4661 	DATA 	Mouse:  Left button up, pos=(388,261)
387.6119 	EXP 	New trial (rep=0, index=3): {'basicShape': 'circle', 'numObjectsInRing': 8, 'speed': 0.35, 'initialDirRing0': 1, 'numTargets': 3, 'whichIsTargetEachRing': array([2., 5., 6.]), 'ringToQuery': 999}
387.8122 	INFO 	Successfully set darwin thread to realtime
387.9133 	EXP 	window1: mouseVisible = False
391.8381 	EXP 	window1: mouseVisible = True
391.8390 	EXP 	Sound  started
392.9317 	DATA 	Mouse: Left button down, pos=(170,211)
393.0501 	DATA 	Mouse:  Left button up, pos=(170,211)
393.0674 	EXP 	Sound  started
393.2181 	EXP 	New trial (rep=0, index=4): {'basicShape': 'circle', 'numObjectsInRing': 4, 'speed': 0.67, 'initialDirRing0': -1, 'numTargets': 2, 'whichIsTargetEachRing': array([-999., -999., -999.]), 'ringToQuery': 999}
393.4194 	INFO 	Successfully set darwin thread to realtime
393.5205 	EXP 	window1: mouseVisible = False
397.0096 	EXP 	window1: mouseVisible = True
397.0106 	EXP 	Sound  stopped
397.0107 	EXP 	Sound  started
398.4334 	DATA 	Mouse: Left button down, pos=(371,449)
398.5521 	EXP 	Sound  started
398.5701 	DATA 	Mouse:  Left button up, pos=(372,449)
398.7025 	EXP 	New trial (rep=0, index=5): {'basicShape': 'circle', 'numObjectsInRing': 4, 'speed': 0.72, 'initialDirRing0': -1, 'numTargets': 3, 'whichIsTargetEachRing': array([-999., -999., -999.]), 'ringToQuery': 999}
398.9031 	INFO 	Successfully set darwin thread to realtime
399.0043 	EXP 	window1: mouseVisible = False
402.2061 	EXP 	window1: mouseVisible = True
402.2071 	EXP 	Sound  stopped
402.2071 	EXP 	Sound  started
403.1919 	DATA 	Mouse: Left button down, pos=(369,277)
403.3108 	EXP 	Sound  started
403.3221 	DATA 	Mouse:  Left button up, pos=(369,277)
403.4613 	EXP 	New trial (rep=0, index=6): {'basicShape': 'circle', 'numObjectsInRing': 8, 'speed': 0.2, 'initialDirRing0': 1, 'numTargets': 3, 'whichIsTargetEachRing': array([-999., -999., -999.]), 'ringToQuery': 999}
403.6623 	INFO 	Successfully set darwin thread to realtime
403.7636 	EXP 	window1: mouseVisible = False
407.7630 	EXP 	window1: mouseVisible = True
407.7641 	EXP 	Sound  stopped
407.7641 	EXP 	Sound  started
409.2426 	DATA 	Mouse: Left button down, pos=(613,396)
409.3541 	DATA 	Mouse:  Left button up, pos=(613,396)
409.3789 	EXP 	Sound  started
409.5294 	EXP 	New trial (rep=0, index=7): {'basicShape': 'circle', 'numObjectsInRing': 4, 'speed': 0.38, 'initialDirRing0': 1, 'numTargets': 2, 'whichIsTargetEachRing': array([-999., -999., -999.]), 'ringToQuery': 999}
409.7305 	INFO 	Successfully set darwin thread to realtime
409.8316 	EXP 	window1: mouseVisible = False
413.6672 	EXP 	window1: mouseVisible = True
413.6682 	EXP 	Sound  stopped
413.6683 	EXP 	Sound  started
415.2807 	DATA 	Mouse: Left button down, pos=(441,274)
415.3996 	EXP 	Sound  started
415.4100 	DATA 	Mouse:  Left button up, pos=(441,274)
415.5501 	EXP 	New trial (rep=0, index=8): {'basicShape': 'circle', 'numObjectsInRing': 4, 'speed': 0.29, 'initialDirRing0': -1, 'numTargets': 3, 'whichIsTargetEachRing': array([-999., -999., -999.]), 'ringToQuery': 999}
415.7505 	INFO 	Successfully set darwin thread to realtime
415.8516 	EXP 	window1: mouseVisible = False
419.2374 	EXP 	window1: mouseVisible = True
419.2384 	EXP 	Sound  stopped
419.2384 	EXP 	Sound  started
420.4063 	DATA 	Mouse: Left button down, pos=(184,383)
420.5254 	EXP 	Sound  started
420.5380 	DATA 	Mouse:  Left button up, pos=(184,383)
420.6759 	EXP 	New trial (rep=0, index=9): {'basicShape': 'circle', 'numObjectsInRing': 4, 'speed': 0.29, 'initialDirRing0': 1, 'numTargets': 3, 'whichIsTargetEachRing': array([3., 1., 3.]), 'ringToQuery': 999}
420.8762 	INFO 	Successfully set darwin thread to realtime
420.9776 	EXP 	window1: mouseVisible = False
424.2514 	EXP 	window1: mouseVisible = True
424.2526 	EXP 	Sound  stopped
424.2526 	EXP 	Sound  started
424.7812 	DATA 	Mouse: Left button down, pos=(386,342)
424.8998 	EXP 	Sound  started
424.9062 	DATA 	Mouse:  Left button up, pos=(386,342)
425.0502 	EXP 	New trial (rep=0, index=10): {'basicShape': 'circle', 'numObjectsInRing': 4, 'speed': 0.5, 'initialDirRing0': 1, 'numTargets': 3, 'whichIsTargetEachRing': array([-999., -999., -999.]), 'ringToQuery': 999}
425.2505 	INFO 	Successfully set darwin thread to realtime
425.3516 	EXP 	window1: mouseVisible = False
428.7622 	EXP 	window1: mouseVisible = True
428.7631 	EXP 	Sound  stopped
428.7631 	EXP 	Sound  started
430.0573 	DATA 	Mouse: Left button down, pos=(254,385)
430.1778 	EXP 	Sound  started
430.2261 	DATA 	Mouse:  Left button up, pos=(258,384)
430.3283 	EXP 	New trial (rep=0, index=11): {'basicShape': 'circle', 'numObjectsInRing': 8, 'speed': 0.65, 'initialDirRing0': 1, 'numTargets': 3, 'whichIsTargetEachRing': array([6., 7., 4.]), 'ringToQuery': 999}
430.5296 	INFO 	Successfully set darwin thread to realtime
430.6309 	EXP 	window1: mouseVisible = False
434.6667 	EXP 	window1: mouseVisible = True
434.6679 	EXP 	Sound  stopped
434.6679 	EXP 	Sound  started
435.5871 	DATA 	Mouse: Left button down, pos=(446,444)
435.7060 	DATA 	Mouse:  Left button up, pos=(446,444)
435.7226 	EXP 	Sound  started
435.8732 	EXP 	New trial (rep=0, index=12): {'basicShape': 'circle', 'numObjectsInRing': 8, 'speed': 0.5, 'initialDirRing0': -1, 'numTargets': 3, 'whichIsTargetEachRing': array([-999., -999., -999.]), 'ringToQuery': 999}
436.0743 	INFO 	Successfully set darwin thread to realtime
436.1755 	EXP 	window1: mouseVisible = False
439.6807 	EXP 	window1: mouseVisible = True
439.6816 	EXP 	Sound  stopped
439.6816 	EXP 	Sound  started
448.5287 	DATA 	Mouse: Left button down, pos=(188,418)
448.6580 	DATA 	Mouse:  Left button up, pos=(188,418)
448.6652 	EXP 	Sound  started
448.8156 	EXP 	New trial (rep=0, index=13): {'basicShape': 'circle', 'numObjectsInRing': 4, 'speed': 0.5, 'initialDirRing0': -1, 'numTargets': 3, 'whichIsTargetEachRing': array([3., 0., 2.]), 'ringToQuery': 999}
449.0167 	INFO 	Successfully set darwin thread to realtime
449.1179 	EXP 	window1: mouseVisible = False
453.5087 	EXP 	window1: mouseVisible = True
453.5098 	EXP 	Sound  stopped
453.5098 	EXP 	Sound  started
454.5936 	DATA 	Mouse: Left button down, pos=(526,208)
454.6899 	DATA 	Mouse:  Left button up, pos=(526,208)
454.7131 	EXP 	Sound  started
454.8635 	EXP 	New trial (rep=0, index=14): {'basicShape': 'circle', 'numObjectsInRing': 4, 'speed': 0.94, 'initialDirRing0': -1, 'numTargets': 3, 'whichIsTargetEachRing': array([-999., -999., -999.]), 'ringToQuery': 999}
455.0638 	INFO 	Successfully set darwin thread to realtime
455.1651 	EXP 	window1: mouseVisible = False
459.1247 	EXP 	window1: mouseVisible = True
459.1257 	EXP 	Sound  stopped
459.1257 	EXP 	Sound  started
460.1436 	DATA 	Mouse: Left button down, pos=(183,187)
460.2632 	EXP 	Sound  started
460.2823 	DATA 	Mouse:  Left button up, pos=(183,187)
460.4140 	EXP 	New trial (rep=0, index=15): {'basicShape': 'circle', 'numObjectsInRing': 8, 'speed': 0.28, 'initialDirRing0': -1, 'numTargets': 2, 'whichIsTargetEachRing': array([-999., -999., -999.]), 'ringToQuery': 999}
460.6143 	INFO 	Successfully set darwin thread to realtime
460.7154 	EXP 	window1: mouseVisible = False
464.5018 	EXP 	window1: mouseVisible = True
464.5027 	EXP 	Sound  stopped
464.5027 	EXP 	Sound  started
465.9966 	DATA 	Mouse: Left button down, pos=(146,270)
466.1322 	EXP 	Sound  started
466.1539 	DATA 	Mouse:  Left button up, pos=(146,270)
466.2826 	EXP 	New trial (rep=0, index=16): {'basicShape': 'circle', 'numObjectsInRing': 8, 'speed': 0.91, 'initialDirRing0': -1, 'numTargets': 2, 'whichIsTargetEachRing': array([-999., -999., -999.]), 'ringToQuery': 999}
466.4839 	INFO 	Successfully set darwin thread to realtime
466.5852 	EXP 	window1: mouseVisible = False
469.9197 	EXP 	window1: mouseVisible = True
469.9207 	EXP 	Sound  stopped
469.9208 	EXP 	Sound  started
471.7843 	DATA 	Mouse: Left button down, pos=(433,322)
471.8739 	DATA 	Mouse:  Left button up, pos=(433,322)
471.9196 	EXP 	Sound  started
472.0700 	EXP 	New trial (rep=0, index=17): {'basicShape': 'circle', 'numObjectsInRing': 4, 'speed': 0.96, 'initialDirRing0': 1, 'numTargets': 2, 'whichIsTargetEachRing': array([-999., -999., -999.]), 'ringToQuery': 999}
472.2712 	INFO 	Successfully set darwin thread to realtime
472.3724 	EXP 	window1: mouseVisible = False
476.4906 	EXP 	window1: mouseVisible = True
476.4917 	EXP 	Sound  stopped
476.4917 	EXP 	Sound  started
477.8133 	DATA 	Mouse: Left button down, pos=(260,212)
477.9320 	EXP 	Sound  started
477.9460 	DATA 	Mouse:  Left button up, pos=(260,212)
478.0825 	EXP 	New trial (rep=0, index=18): {'basicShape': 'circle', 'numObjectsInRing': 4, 'speed': 1.25, 'initialDirRing0': -1, 'numTargets': 2, 'whichIsTargetEachRing': array([-999., -999., -999.]), 'ringToQuery': 999}
478.2829 	INFO 	Successfully set darwin thread to realtime
478.3842 	EXP 	window1: mouseVisible = False
481.8194 	EXP 	window1: mouseVisible = True
481.8204 	EXP 	Sound  stopped
481.8204 	EXP 	Sound  started
520.6992 	DATA 	Mouse: Left button down, pos=(517,402)
520.8179 	EXP 	Sound  started
520.8820 	DATA 	Mouse:  Left button up, pos=(517,402)
520.9684 	EXP 	New trial (rep=0, index=19): {'basicShape': 'circle', 'numObjectsInRing': 8, 'speed': 0.7, 'initialDirRing0': -1, 'numTargets': 2, 'whichIsTargetEachRing': array([   5.,    3., -999.]), 'ringToQuery': 999}
521.1696 	INFO 	Successfully set darwin thread to realtime
521.2707 	EXP 	window1: mouseVisible = False
525.0536 	EXP 	window1: mouseVisible = True
525.0548 	EXP 	Sound  stopped
525.0548 	EXP 	Sound  started
525.9646 	DATA 	Mouse: Left button down, pos=(357,313)
526.0501 	DATA 	Mouse:  Left button up, pos=(357,313)
526.1002 	EXP 	Sound  started
526.2507 	EXP 	New trial (rep=0, index=20): {'basicShape': 'circle', 'numObjectsInRing': 8, 'speed': 0.28, 'initialDirRing0': 1, 'numTargets': 2, 'whichIsTargetEachRing': array([-999.,    3.,    1.]), 'ringToQuery': 999}
526.4512 	INFO 	Successfully set darwin thread to realtime
526.5523 	EXP 	window1: mouseVisible = False
530.6547 	EXP 	window1: mouseVisible = True
530.6558 	EXP 	Sound  stopped
530.6558 	EXP 	Sound  started
536.7238 	DATA 	Mouse: Left button down, pos=(517,208)
536.8358 	DATA 	Mouse:  Left button up, pos=(517,208)
537.6065 	DATA 	Mouse: Left button down, pos=(519,210)
537.7408 	DATA 	Mouse:  Left button up, pos=(519,210)
538.8124 	DATA 	Mouse: Left button down, pos=(522,202)
539.0012 	DATA 	Mouse:  Left button up, pos=(522,202)
539.3068 	DATA 	Mouse: Left button down, pos=(522,202)
539.4001 	DATA 	Mouse:  Left button up, pos=(522,202)
539.5154 	DATA 	Mouse: Left button down, pos=(522,202)
539.6081 	DATA 	Mouse:  Left button up, pos=(522,202)
540.3736 	DATA 	Mouse: Left button down, pos=(615,435)
540.4482 	DATA 	Mouse:  Left button up, pos=(615,435)
540.8733 	DATA 	Mouse: Left button down, pos=(600,434)
541.0034 	DATA 	Mouse:  Left button up, pos=(600,434)
541.1379 	DATA 	Mouse: Left button down, pos=(600,434)
541.2687 	DATA 	Mouse:  Left button up, pos=(600,434)
541.3841 	DATA 	Mouse: Left button down, pos=(600,434)
541.4776 	DATA 	Mouse:  Left button up, pos=(600,434)
541.5546 	DATA 	Mouse: Left button down, pos=(600,434)
541.6470 	DATA 	Mouse:  Left button up, pos=(600,434)
548.6666 	DATA 	Mouse: Left button down, pos=(565,317)
548.8357 	DATA 	Mouse:  Left button up, pos=(565,317)
549.0286 	DATA 	Mouse: Left button down, pos=(565,317)
549.1205 	DATA 	Mouse:  Left button up, pos=(565,317)
549.1976 	DATA 	Mouse: Left button down, pos=(565,317)
549.2904 	DATA 	Mouse:  Left button up, pos=(565,317)
549.4060 	DATA 	Mouse: Left button down, pos=(565,317)
549.4605 	DATA 	Mouse:  Left button up, pos=(565,317)
549.5378 	DATA 	Mouse: Left button down, pos=(565,317)
549.6494 	DATA 	Mouse:  Left button up, pos=(565,317)
550.2485 	DATA 	Mouse: Left button down, pos=(435,287)
550.3459 	DATA 	Mouse:  Left button up, pos=(435,287)
550.3852 	EXP 	Sound  started
550.5357 	EXP 	New trial (rep=0, index=21): {'basicShape': 'circle', 'numObjectsInRing': 4, 'speed': 0.38, 'initialDirRing0': -1, 'numTargets': 2, 'whichIsTargetEachRing': array([   1., -999.,    1.]), 'ringToQuery': 999}
550.7360 	INFO 	Successfully set darwin thread to realtime
550.8372 	EXP 	window1: mouseVisible = False
554.6970 	EXP 	window1: mouseVisible = True
554.6982 	EXP 	Sound  stopped
554.6982 	EXP 	Sound  started
555.8989 	DATA 	Mouse: Left button down, pos=(252,346)
556.0175 	EXP 	Sound  started
556.0420 	DATA 	Mouse:  Left button up, pos=(252,346)
556.1681 	EXP 	New trial (rep=0, index=22): {'basicShape': 'circle', 'numObjectsInRing': 8, 'speed': 0.2, 'initialDirRing0': -1, 'numTargets': 3, 'whichIsTargetEachRing': array([2., 1., 0.]), 'ringToQuery': 999}
556.3685 	INFO 	Successfully set darwin thread to realtime
556.4697 	EXP 	window1: mouseVisible = False
560.2652 	EXP 	window1: mouseVisible = True
560.2665 	EXP 	Sound  stopped
560.2665 	EXP 	Sound  started
561.2001 	DATA 	Mouse: Left button down, pos=(415,335)
561.3220 	DATA 	Mouse:  Left button up, pos=(415,335)
561.3357 	EXP 	Sound  started
561.4861 	EXP 	New trial (rep=0, index=23): {'basicShape': 'circle', 'numObjectsInRing': 8, 'speed': 0.49, 'initialDirRing0': 1, 'numTargets': 2, 'whichIsTargetEachRing': array([-999., -999., -999.]), 'ringToQuery': 999}
561.6864 	INFO 	Successfully set darwin thread to realtime
561.7877 	EXP 	window1: mouseVisible = False
565.5260 	EXP 	window1: mouseVisible = True
565.5271 	EXP 	Sound  stopped
565.5271 	EXP 	Sound  started
567.0458 	DATA 	Mouse: Left button down, pos=(275,516)
567.1815 	EXP 	Sound  started
567.1944 	DATA 	Mouse:  Left button up, pos=(276,516)
567.3565 	EXP 	New trial (rep=0, index=24): {'basicShape': 'circle', 'numObjectsInRing': 4, 'speed': 0.72, 'initialDirRing0': 1, 'numTargets': 3, 'whichIsTargetEachRing': array([0., 2., 0.]), 'ringToQuery': 999}
567.5578 	INFO 	Successfully set darwin thread to realtime
567.6590 	EXP 	window1: mouseVisible = False
571.7084 	EXP 	window1: mouseVisible = True
571.7094 	EXP 	Sound  stopped
571.7094 	EXP 	Sound  started
573.2863 	DATA 	Mouse: Left button down, pos=(307,173)
573.4049 	EXP 	Sound  started
573.4103 	DATA 	Mouse:  Left button up, pos=(307,173)
573.5553 	EXP 	New trial (rep=0, index=25): {'basicShape': 'circle', 'numObjectsInRing': 4, 'speed': 0.94, 'initialDirRing0': 1, 'numTargets': 3, 'whichIsTargetEachRing': array([1., 1., 1.]), 'ringToQuery': 999}
573.7556 	INFO 	Successfully set darwin thread to realtime
573.8568 	EXP 	window1: mouseVisible = False
577.9612 	EXP 	window1: mouseVisible = True
577.9622 	EXP 	Sound  stopped
577.9622 	EXP 	Sound  started
578.9159 	DATA 	Mouse: Left button down, pos=(548,93)
579.0343 	EXP 	Sound  started
579.0581 	DATA 	Mouse:  Left button up, pos=(548,93)
579.1849 	EXP 	New trial (rep=0, index=26): {'basicShape': 'circle', 'numObjectsInRing': 4, 'speed': 0.96, 'initialDirRing0': -1, 'numTargets': 2, 'whichIsTargetEachRing': array([-999.,    3.,    2.]), 'ringToQuery': 999}
579.3860 	INFO 	Successfully set darwin thread to realtime
579.4874 	EXP 	window1: mouseVisible = False
583.0420 	EXP 	window1: mouseVisible = True
583.0430 	EXP 	Sound  stopped
583.0430 	EXP 	Sound  started
583.8747 	DATA 	Mouse: Left button down, pos=(363,287)
583.9935 	EXP 	Sound  started
584.0100 	DATA 	Mouse:  Left button up, pos=(363,287)
584.1440 	EXP 	New trial (rep=0, index=27): {'basicShape': 'circle', 'numObjectsInRing': 4, 'speed': 1.25, 'initialDirRing0': 1, 'numTargets': 2, 'whichIsTargetEachRing': array([-999.,    1.,    2.]), 'ringToQuery': 999}
584.3444 	INFO 	Successfully set darwin thread to realtime
584.4455 	EXP 	window1: mouseVisible = False
588.7204 	EXP 	window1: mouseVisible = True
588.7214 	EXP 	Sound  stopped
588.7215 	EXP 	Sound  started
589.5543 	DATA 	Mouse: Left button down, pos=(364,294)
589.6740 	EXP 	Sound  started
589.6900 	DATA 	Mouse:  Left button up, pos=(364,294)
589.8245 	EXP 	New trial (rep=0, index=28): {'basicShape': 'circle', 'numObjectsInRing': 4, 'speed': 0.67, 'initialDirRing0': 1, 'numTargets': 2, 'whichIsTargetEachRing': array([   1.,    2., -999.]), 'ringToQuery': 999}
590.0248 	INFO 	Successfully set darwin thread to realtime
590.1260 	EXP 	window1: mouseVisible = False
593.6197 	EXP 	window1: mouseVisible = True
593.6207 	EXP 	Sound  stopped
593.6207 	EXP 	Sound  started
595.0459 	DATA 	Mouse: Left button down, pos=(264,101)
595.1620 	DATA 	Mouse:  Left button up, pos=(264,101)
595.1642 	EXP 	Sound  started
595.3147 	EXP 	New trial (rep=0, index=29): {'basicShape': 'circle', 'numObjectsInRing': 8, 'speed': 0.5, 'initialDirRing0': 1, 'numTargets': 3, 'whichIsTargetEachRing': array([5., 6., 7.]), 'ringToQuery': 999}
595.5149 	INFO 	Successfully set darwin thread to realtime
595.6161 	EXP 	window1: mouseVisible = False
599.6457 	EXP 	window1: mouseVisible = True
599.6467 	EXP 	Sound  stopped
599.6468 	EXP 	Sound  started
605.0576 	DATA 	Mouse: Left button down, pos=(162,375)
605.1862 	DATA 	Mouse:  Left button up, pos=(167,375)
605.1954 	EXP 	Sound  started
605.3459 	EXP 	New trial (rep=0, index=30): {'basicShape': 'circle', 'numObjectsInRing': 8, 'speed': 0.49, 'initialDirRing0': -1, 'numTargets': 2, 'whichIsTargetEachRing': array([-999.,    0.,    4.]), 'ringToQuery': 999}
605.5470 	INFO 	Successfully set darwin thread to realtime
605.6482 	EXP 	window1: mouseVisible = False
609.3546 	EXP 	window1: mouseVisible = True
609.3556 	EXP 	Sound  stopped
609.3556 	EXP 	Sound  started
610.2255 	DATA 	Mouse: Left button down, pos=(355,323)
610.3614 	EXP 	Sound  started
610.3622 	DATA 	Mouse:  Left button up, pos=(356,323)
610.5120 	EXP 	New trial (rep=0, index=31): {'basicShape': 'circle', 'numObjectsInRing': 8, 'speed': 0.91, 'initialDirRing0': 1, 'numTargets': 2, 'whichIsTargetEachRing': array([   7.,    6., -999.]), 'ringToQuery': 999}
610.7132 	INFO 	Successfully set darwin thread to realtime
610.8145 	EXP 	window1: mouseVisible = False
615.0180 	EXP 	window1: mouseVisible = True
615.0191 	EXP 	Sound  stopped
615.0192 	EXP 	Sound  started
616.0551 	DATA 	Mouse: Left button down, pos=(590,440)
616.1862 	DATA 	Mouse:  Left button up, pos=(591,440)
616.1924 	EXP 	Sound  started
616.3429 	EXP 	New trial (rep=1, index=0): {'basicShape': 'circle', 'numObjectsInRing': 8, 'speed': 0.7, 'initialDirRing0': 1, 'numTargets': 2, 'whichIsTargetEachRing': array([   6.,    0., -999.]), 'ringToQuery': 1}
616.5433 	INFO 	Successfully set darwin thread to realtime
616.6444 	EXP 	window1: mouseVisible = False
620.8205 	EXP 	window1: mouseVisible = True
620.8215 	EXP 	Sound  stopped
620.8216 	EXP 	Sound  started
621.6468 	DATA 	Mouse: Left button down, pos=(434,540)
621.7540 	DATA 	Mouse:  Left button up, pos=(434,540)
621.7832 	EXP 	Sound  started
621.9338 	EXP 	New trial (rep=1, index=1): {'basicShape': 'circle', 'numObjectsInRing': 8, 'speed': 0.28, 'initialDirRing0': -1, 'numTargets': 2, 'whichIsTargetEachRing': array([5., 3., 2.]), 'ringToQuery': 2}
622.1351 	INFO 	Successfully set darwin thread to realtime
622.2361 	EXP 	window1: mouseVisible = False
625.6384 	EXP 	window1: mouseVisible = True
625.6394 	EXP 	Sound  stopped
625.6394 	EXP 	Sound  started
627.1732 	DATA 	Mouse: Left button down, pos=(213,131)
627.2821 	DATA 	Mouse:  Left button up, pos=(214,132)
627.3103 	EXP 	Sound  started
627.4607 	EXP 	New trial (rep=1, index=2): {'basicShape': 'circle', 'numObjectsInRing': 8, 'speed': 0.7, 'initialDirRing0': -1, 'numTargets': 2, 'whichIsTargetEachRing': array([6., 7., 4.]), 'ringToQuery': 0}
627.6611 	INFO 	Successfully set darwin thread to realtime
627.7623 	EXP 	window1: mouseVisible = False
631.5618 	EXP 	window1: mouseVisible = True
631.5628 	EXP 	Sound  stopped
631.5629 	EXP 	Sound  started
632.5086 	DATA 	Mouse: Left button down, pos=(496,416)
632.6420 	DATA 	Mouse:  Left button up, pos=(496,416)
632.6442 	EXP 	Sound  started
632.7948 	EXP 	New trial (rep=1, index=3): {'basicShape': 'circle', 'numObjectsInRing': 4, 'speed': 0.38, 'initialDirRing0': 1, 'numTargets': 2, 'whichIsTargetEachRing': array([1., 2., 3.]), 'ringToQuery': 0}
632.9951 	INFO 	Successfully set darwin thread to realtime
633.0962 	EXP 	window1: mouseVisible = False
636.2110 	EXP 	window1: mouseVisible = True
636.2120 	EXP 	Sound  stopped
636.2120 	EXP 	Sound  started
637.4050 	DATA 	Mouse: Left button down, pos=(176,340)
637.5235 	EXP 	Sound  started
637.5461 	DATA 	Mouse:  Left button up, pos=(176,340)
637.6740 	EXP 	New trial (rep=1, index=4): {'basicShape': 'circle', 'numObjectsInRing': 4, 'speed': 0.67, 'initialDirRing0': -1, 'numTargets': 2, 'whichIsTargetEachRing': array([1., 2., 0.]), 'ringToQuery': 1}
637.8744 	INFO 	Successfully set darwin thread to realtime
637.9757 	EXP 	window1: mouseVisible = False
641.5251 	EXP 	window1: mouseVisible = True
641.5260 	EXP 	Sound  stopped
641.5261 	EXP 	Sound  started
642.5115 	DATA 	Mouse: Left button down, pos=(364,313)
642.6318 	EXP 	Sound  started
642.6902 	DATA 	Mouse:  Left button up, pos=(364,313)
642.7824 	EXP 	New trial (rep=1, index=5): {'basicShape': 'circle', 'numObjectsInRing': 4, 'speed': 1.25, 'initialDirRing0': -1, 'numTargets': 2, 'whichIsTargetEachRing': array([2., 1., 0.]), 'ringToQuery': 1}
642.9827 	INFO 	Successfully set darwin thread to realtime
643.0839 	EXP 	window1: mouseVisible = False
647.4748 	EXP 	window1: mouseVisible = True
647.4758 	EXP 	Sound  stopped
647.4758 	EXP 	Sound  started
648.7118 	DATA 	Mouse: Left button down, pos=(536,274)
648.8311 	EXP 	Sound  started
648.8820 	DATA 	Mouse:  Left button up, pos=(536,274)
648.9816 	EXP 	New trial (rep=1, index=6): {'basicShape': 'circle', 'numObjectsInRing': 4, 'speed': 1.25, 'initialDirRing0': 1, 'numTargets': 2, 'whichIsTargetEachRing': array([2., 2., 0.]), 'ringToQuery': 0}
649.1822 	INFO 	Successfully set darwin thread to realtime
649.2835 	EXP 	window1: mouseVisible = False
652.9418 	EXP 	window1: mouseVisible = True
652.9429 	EXP 	Sound  stopped
652.9430 	EXP 	Sound  started
654.0127 	DATA 	Mouse: Left button down, pos=(624,218)
654.1323 	EXP 	Sound  started
654.1461 	DATA 	Mouse:  Left button up, pos=(624,218)
654.2827 	EXP 	New trial (rep=1, index=7): {'basicShape': 'circle', 'numObjectsInRing': 8, 'speed': 0.5, 'initialDirRing0': -1, 'numTargets': 3, 'whichIsTargetEachRing': array([2., 0., 7.]), 'ringToQuery': 2}
654.4840 	INFO 	Successfully set darwin thread to realtime
654.5851 	EXP 	window1: mouseVisible = False
658.9018 	EXP 	window1: mouseVisible = True
658.9029 	EXP 	Sound  stopped
658.9029 	EXP 	Sound  started
660.0671 	DATA 	Mouse: Left button down, pos=(593,439)
660.2037 	EXP 	Sound  started
660.2181 	DATA 	Mouse:  Left button up, pos=(593,439)
660.3541 	EXP 	New trial (rep=1, index=8): {'basicShape': 'circle', 'numObjectsInRing': 4, 'speed': 0.29, 'initialDirRing0': -1, 'numTargets': 3, 'whichIsTargetEachRing': array([2., 2., 3.]), 'ringToQuery': 2}
660.5549 	INFO 	Successfully set darwin thread to realtime
660.6560 	EXP 	window1: mouseVisible = False
663.9088 	EXP 	window1: mouseVisible = True
663.9097 	EXP 	Sound  stopped
663.9097 	EXP 	Sound  started
665.0192 	DATA 	Mouse: Left button down, pos=(448,455)
665.1376 	EXP 	Sound  started
665.1781 	DATA 	Mouse:  Left button up, pos=(448,455)
665.2883 	EXP 	New trial (rep=1, index=9): {'basicShape': 'circle', 'numObjectsInRing': 4, 'speed': 0.5, 'initialDirRing0': 1, 'numTargets': 3, 'whichIsTargetEachRing': array([3., 3., 3.]), 'ringToQuery': 1}
665.4891 	INFO 	Successfully set darwin thread to realtime
665.5903 	EXP 	window1: mouseVisible = False
669.5267 	EXP 	window1: mouseVisible = True
669.5276 	EXP 	Sound  stopped
669.5276 	EXP 	Sound  started
670.6036 	DATA 	Mouse: Left button down, pos=(557,332)
670.7221 	DATA 	Mouse:  Left button up, pos=(557,332)
670.7228 	EXP 	Sound  started
670.8733 	EXP 	New trial (rep=1, index=10): {'basicShape': 'circle', 'numObjectsInRing': 4, 'speed': 0.94, 'initialDirRing0': 1, 'numTargets': 3, 'whichIsTargetEachRing': array([0., 3., 0.]), 'ringToQuery': 2}
671.0745 	INFO 	Successfully set darwin thread to realtime
671.1758 	EXP 	window1: mouseVisible = False
674.7241 	EXP 	window1: mouseVisible = True
674.7251 	EXP 	Sound  stopped
674.7251 	EXP 	Sound  started
675.6572 	DATA 	Mouse: Left button down, pos=(621,389)
675.7770 	EXP 	Sound  started
675.7940 	DATA 	Mouse:  Left button up, pos=(621,389)
675.9275 	EXP 	New trial (rep=1, index=11): {'basicShape': 'circle', 'numObjectsInRing': 4, 'speed': 0.5, 'initialDirRing0': -1, 'numTargets': 3, 'whichIsTargetEachRing': array([1., 2., 3.]), 'ringToQuery': 1}
676.1287 	INFO 	Successfully set darwin thread to realtime
676.2300 	EXP 	window1: mouseVisible = False
680.2509 	EXP 	window1: mouseVisible = True
680.2520 	EXP 	Sound  stopped
680.2520 	EXP 	Sound  started
681.3829 	DATA 	Mouse: Left button down, pos=(586,139)
681.5013 	EXP 	Sound  started
681.5461 	DATA 	Mouse:  Left button up, pos=(586,139)
681.6518 	EXP 	New trial (rep=1, index=12): {'basicShape': 'circle', 'numObjectsInRing': 8, 'speed': 0.91, 'initialDirRing0': 1, 'numTargets': 2, 'whichIsTargetEachRing': array([7., 6., 4.]), 'ringToQuery': 2}
681.8523 	INFO 	Successfully set darwin thread to realtime
681.9538 	EXP 	window1: mouseVisible = False
686.0006 	EXP 	window1: mouseVisible = True
686.0015 	EXP 	Sound  stopped
686.0015 	EXP 	Sound  started
768.0261 	DATA 	Mouse: Left button down, pos=(469,164)
768.1381 	DATA 	Mouse:  Left button up, pos=(469,164)
768.1817 	EXP 	Sound  started
768.3322 	EXP 	New trial (rep=1, index=13): {'basicShape': 'circle', 'numObjectsInRing': 8, 'speed': 0.49, 'initialDirRing0': 1, 'numTargets': 2, 'whichIsTargetEachRing': array([6., 0., 4.]), 'ringToQuery': 2}
768.5325 	INFO 	Successfully set darwin thread to realtime
768.6339 	EXP 	window1: mouseVisible = False
772.5053 	EXP 	window1: mouseVisible = True
772.5063 	EXP 	Sound  stopped
772.5064 	EXP 	Sound  started
869.4426 	DATA 	Mouse: Left button down, pos=(541,230)
869.5701 	DATA 	Mouse:  Left button up, pos=(541,230)
869.5789 	EXP 	Sound  started
869.7294 	EXP 	New trial (rep=1, index=14): {'basicShape': 'circle', 'numObjectsInRing': 8, 'speed': 0.35, 'initialDirRing0': -1, 'numTargets': 3, 'whichIsTargetEachRing': array([4., 1., 0.]), 'ringToQuery': 0}
869.9303 	INFO 	Successfully set darwin thread to realtime
870.0315 	EXP 	window1: mouseVisible = False
873.9787 	EXP 	window1: mouseVisible = True
873.9796 	EXP 	Sound  stopped
873.9797 	EXP 	Sound  started
875.2826 	DATA 	Mouse: Left button down, pos=(402,337)
875.4021 	DATA 	Mouse:  Left button up, pos=(402,337)
875.4186 	EXP 	Sound  started
875.5691 	EXP 	New trial (rep=1, index=15): {'basicShape': 'circle', 'numObjectsInRing': 4, 'speed': 0.72, 'initialDirRing0': 1, 'numTargets': 3, 'whichIsTargetEachRing': array([1., 2., 3.]), 'ringToQuery': 1}
875.7701 	INFO 	Successfully set darwin thread to realtime
875.8716 	EXP 	window1: mouseVisible = False
879.5556 	EXP 	window1: mouseVisible = True
879.5567 	EXP 	Sound  stopped
879.5567 	EXP 	Sound  started
881.2524 	DATA 	Mouse: Left button down, pos=(538,231)
881.3721 	EXP 	Sound  started
881.3867 	DATA 	Mouse:  Left button up, pos=(538,231)
881.5366 	EXP 	New trial (rep=1, index=16): {'basicShape': 'circle', 'numObjectsInRing': 4, 'speed': 0.29, 'initialDirRing0': 1, 'numTargets': 3, 'whichIsTargetEachRing': array([3., 0., 2.]), 'ringToQuery': 0}
881.7370 	INFO 	Successfully set darwin thread to realtime
881.8385 	EXP 	window1: mouseVisible = False
885.5861 	EXP 	window1: mouseVisible = True
885.5871 	EXP 	Sound  stopped
885.5872 	EXP 	Sound  started
893.2794 	DATA 	Mouse: Left button down, pos=(393,451)
893.3980 	EXP 	Sound  started
893.4021 	DATA 	Mouse:  Left button up, pos=(393,451)
893.5485 	EXP 	New trial (rep=1, index=17): {'basicShape': 'circle', 'numObjectsInRing': 4, 'speed': 0.67, 'initialDirRing0': 1, 'numTargets': 2, 'whichIsTargetEachRing': array([3., 2., 1.]), 'ringToQuery': 2}
893.7497 	INFO 	Successfully set darwin thread to realtime
893.8510 	EXP 	window1: mouseVisible = False
897.7700 	EXP 	window1: mouseVisible = True
897.7708 	EXP 	Sound  stopped
897.7709 	EXP 	Sound  started
898.6293 	DATA 	Mouse: Left button down, pos=(434,324)
898.7480 	EXP 	Sound  started
898.7621 	DATA 	Mouse:  Left button up, pos=(434,324)
898.8985 	EXP 	New trial (rep=1, index=18): {'basicShape': 'circle', 'numObjectsInRing': 8, 'speed': 0.65, 'initialDirRing0': -1, 'numTargets': 3, 'whichIsTargetEachRing': array([0., 7., 2.]), 'ringToQuery': 0}
899.0990 	INFO 	Successfully set darwin thread to realtime
899.2002 	EXP 	window1: mouseVisible = False
902.9967 	EXP 	window1: mouseVisible = True
902.9978 	EXP 	Sound  stopped
902.9978 	EXP 	Sound  started
903.8775 	DATA 	Mouse: Left button down, pos=(365,279)
903.9861 	DATA 	Mouse:  Left button up, pos=(365,279)
904.0149 	EXP 	Sound  started
904.1653 	EXP 	New trial (rep=1, index=19): {'basicShape': 'circle', 'numObjectsInRing': 4, 'speed': 0.94, 'initialDirRing0': -1, 'numTargets': 3, 'whichIsTargetEachRing': array([2., 3., 3.]), 'ringToQuery': 2}
904.3669 	INFO 	Successfully set darwin thread to realtime
904.4681 	EXP 	window1: mouseVisible = False
908.1010 	EXP 	window1: mouseVisible = True
908.1020 	EXP 	Sound  stopped
908.1020 	EXP 	Sound  started
909.5582 	DATA 	Mouse: Left button down, pos=(258,491)
909.6777 	EXP 	Sound  started
909.6901 	DATA 	Mouse:  Left button up, pos=(258,491)
909.8281 	EXP 	New trial (rep=1, index=20): {'basicShape': 'circle', 'numObjectsInRing': 8, 'speed': 0.65, 'initialDirRing0': 1, 'numTargets': 3, 'whichIsTargetEachRing': array([6., 4., 6.]), 'ringToQuery': 1}
910.0294 	INFO 	Successfully set darwin thread to realtime
910.1304 	EXP 	window1: mouseVisible = False
913.4629 	EXP 	window1: mouseVisible = True
913.4638 	EXP 	Sound  stopped
913.4639 	EXP 	Sound  started
914.3891 	DATA 	Mouse: Left button down, pos=(634,331)
914.5140 	DATA 	Mouse:  Left button up, pos=(634,331)
914.5255 	EXP 	Sound  started
914.6760 	EXP 	New trial (rep=1, index=21): {'basicShape': 'circle', 'numObjectsInRing': 8, 'speed': 0.5, 'initialDirRing0': 1, 'numTargets': 3, 'whichIsTargetEachRing': array([2., 6., 3.]), 'ringToQuery': 2}
914.8772 	INFO 	Successfully set darwin thread to realtime
914.9783 	EXP 	window1: mouseVisible = False
918.6502 	EXP 	window1: mouseVisible = True
918.6512 	EXP 	Sound  stopped
918.6512 	EXP 	Sound  started
919.6666 	DATA 	Mouse: Left button down, pos=(250,318)
919.7540 	DATA 	Mouse:  Left button up, pos=(250,318)
919.8019 	EXP 	Sound  started
919.9525 	EXP 	New trial (rep=1, index=22): {'basicShape': 'circle', 'numObjectsInRing': 4, 'speed': 0.96, 'initialDirRing0': -1, 'numTargets': 2, 'whichIsTargetEachRing': array([1., 0., 2.]), 'ringToQuery': 0}
920.1537 	INFO 	Successfully set darwin thread to realtime
920.2548 	EXP 	window1: mouseVisible = False
924.2515 	EXP 	window1: mouseVisible = True
924.2523 	EXP 	Sound  stopped
924.2523 	EXP 	Sound  started
927.9953 	DATA 	Mouse: Left button down, pos=(644,263)
928.1148 	EXP 	Sound  started
928.1302 	DATA 	Mouse:  Left button up, pos=(644,263)
928.2652 	EXP 	New trial (rep=1, index=23): {'basicShape': 'circle', 'numObjectsInRing': 8, 'speed': 0.28, 'initialDirRing0': 1, 'numTargets': 2, 'whichIsTargetEachRing': array([5., 0., 7.]), 'ringToQuery': 0}
928.4662 	INFO 	Successfully set darwin thread to realtime
928.5674 	EXP 	window1: mouseVisible = False
932.8271 	EXP 	window1: mouseVisible = True
932.8281 	EXP 	Sound  stopped
932.8281 	EXP 	Sound  started
934.6605 	DATA 	Mouse: Left button down, pos=(393,337)
934.7780 	DATA 	Mouse:  Left button up, pos=(393,337)
934.7968 	EXP 	Sound  started
934.9473 	EXP 	New trial (rep=1, index=24): {'basicShape': 'circle', 'numObjectsInRing': 4, 'speed': 0.72, 'initialDirRing0': -1, 'numTargets': 3, 'whichIsTargetEachRing': array([0., 2., 0.]), 'ringToQuery': 0}
935.1477 	INFO 	Successfully set darwin thread to realtime
935.2489 	EXP 	window1: mouseVisible = False
939.4818 	EXP 	window1: mouseVisible = True
939.4827 	EXP 	Sound  stopped
939.4827 	EXP 	Sound  started
940.5169 	DATA 	Mouse: Left button down, pos=(385,268)
940.6353 	EXP 	Sound  started
940.6420 	DATA 	Mouse:  Left button up, pos=(385,268)
940.7858 	EXP 	New trial (rep=1, index=25): {'basicShape': 'circle', 'numObjectsInRing': 8, 'speed': 0.49, 'initialDirRing0': -1, 'numTargets': 2, 'whichIsTargetEachRing': array([6., 7., 5.]), 'ringToQuery': 0}
940.9868 	INFO 	Successfully set darwin thread to realtime
941.0880 	EXP 	window1: mouseVisible = False
944.4114 	EXP 	window1: mouseVisible = True
944.4123 	EXP 	Sound  stopped
944.4123 	EXP 	Sound  started
945.2033 	DATA 	Mouse: Left button down, pos=(392,338)
945.3391 	EXP 	Sound  started
945.3622 	DATA 	Mouse:  Left button up, pos=(392,338)
945.4896 	EXP 	New trial (rep=1, index=26): {'basicShape': 'circle', 'numObjectsInRing': 8, 'speed': 0.91, 'initialDirRing0': -1, 'numTargets': 2, 'whichIsTargetEachRing': array([7., 7., 5.]), 'ringToQuery': 0}
945.6900 	INFO 	Successfully set darwin thread to realtime
945.7912 	EXP 	window1: mouseVisible = False
949.8528 	EXP 	window1: mouseVisible = True
949.8539 	EXP 	Sound  stopped
949.8539 	EXP 	Sound  started
951.4641 	DATA 	Mouse: Left button down, pos=(264,333)
951.5861 	DATA 	Mouse:  Left button up, pos=(264,333)
951.5997 	EXP 	Sound  started
951.7502 	EXP 	New trial (rep=1, index=27): {'basicShape': 'circle', 'numObjectsInRing': 8, 'speed': 0.35, 'initialDirRing0': 1, 'numTargets': 3, 'whichIsTargetEachRing': array([6., 2., 6.]), 'ringToQuery': 2}
951.9509 	INFO 	Successfully set darwin thread to realtime
952.0520 	EXP 	window1: mouseVisible = False
955.5097 	EXP 	window1: mouseVisible = True
955.5107 	EXP 	Sound  stopped
955.5107 	EXP 	Sound  started
957.5134 	DATA 	Mouse: Left button down, pos=(596,453)
957.6180 	DATA 	Mouse:  Left button up, pos=(596,453)
957.6491 	EXP 	Sound  started
957.7996 	EXP 	New trial (rep=1, index=28): {'basicShape': 'circle', 'numObjectsInRing': 4, 'speed': 0.38, 'initialDirRing0': -1, 'numTargets': 2, 'whichIsTargetEachRing': array([0., 2., 1.]), 'ringToQuery': 1}
958.0007 	INFO 	Successfully set darwin thread to realtime
958.1019 	EXP 	window1: mouseVisible = False
962.2513 	EXP 	window1: mouseVisible = True
962.2523 	EXP 	Sound  stopped
962.2523 	EXP 	Sound  started
964.4397 	DATA 	Mouse: Left button down, pos=(278,86)
964.5591 	EXP 	Sound  started
964.5701 	DATA 	Mouse:  Left button up, pos=(278,86)
964.7095 	EXP 	New trial (rep=1, index=29): {'basicShape': 'circle', 'numObjectsInRing': 4, 'speed': 0.96, 'initialDirRing0': 1, 'numTargets': 2, 'whichIsTargetEachRing': array([1., 2., 1.]), 'ringToQuery': 1}
964.9100 	INFO 	Successfully set darwin thread to realtime
965.0113 	EXP 	window1: mouseVisible = False
968.5151 	EXP 	window1: mouseVisible = True
968.5161 	EXP 	Sound  stopped
968.5162 	EXP 	Sound  started
969.9068 	DATA 	Mouse: Left button down, pos=(431,326)
970.0277 	EXP 	Sound  started
970.0580 	DATA 	Mouse:  Left button up, pos=(431,326)
970.1782 	EXP 	New trial (rep=1, index=30): {'basicShape': 'circle', 'numObjectsInRing': 8, 'speed': 0.2, 'initialDirRing0': 1, 'numTargets': 3, 'whichIsTargetEachRing': array([4., 2., 0.]), 'ringToQuery': 2}
970.3785 	INFO 	Successfully set darwin thread to realtime
970.4797 	EXP 	window1: mouseVisible = False
974.5968 	EXP 	window1: mouseVisible = True
974.5977 	EXP 	Sound  stopped
974.5977 	EXP 	Sound  started
975.5443 	DATA 	Mouse: Left button down, pos=(359,276)
975.6802 	EXP 	Sound  started
975.6981 	DATA 	Mouse:  Left button up, pos=(359,276)
975.8307 	EXP 	New trial (rep=1, index=31): {'basicShape': 'circle', 'numObjectsInRing': 8, 'speed': 0.2, 'initialDirRing0': -1, 'numTargets': 3, 'whichIsTargetEachRing': array([0., 1., 6.]), 'ringToQuery': 0}
976.0313 	INFO 	Successfully set darwin thread to realtime
976.1325 	EXP 	window1: mouseVisible = False
979.8473 	EXP 	window1: mouseVisible = True
979.8482 	EXP 	Sound  stopped
979.8482 	EXP 	Sound  started
982.7159 	DATA 	Mouse: Left button down, pos=(276,218)
982.8421 	DATA 	Mouse:  Left button up, pos=(276,218)
982.8637 	EXP 	Sound  started
983.0141 	EXP 	New trial (rep=2, index=0): {'basicShape': 'circle', 'numObjectsInRing': 4, 'speed': 0.72, 'initialDirRing0': 1, 'numTargets': 3, 'whichIsTargetEachRing': array([2., 0., 3.]), 'ringToQuery': 1}
983.2151 	INFO 	Successfully set darwin thread to realtime
983.3163 	EXP 	window1: mouseVisible = False
987.1356 	EXP 	window1: mouseVisible = True
987.1366 	EXP 	Sound  stopped
987.1367 	EXP 	Sound  started
988.0972 	DATA 	Mouse: Left button down, pos=(440,339)
988.2159 	EXP 	Sound  started
988.2422 	DATA 	Mouse:  Left button up, pos=(440,339)
988.3663 	EXP 	New trial (rep=2, index=1): {'basicShape': 'circle', 'numObjectsInRing': 8, 'speed': 0.35, 'initialDirRing0': 1, 'numTargets': 3, 'whichIsTargetEachRing': array([7., 2., 6.]), 'ringToQuery': 2}
988.5667 	INFO 	Successfully set darwin thread to realtime
988.6679 	EXP 	window1: mouseVisible = False
992.3952 	EXP 	window1: mouseVisible = True
992.3962 	EXP 	Sound  stopped
992.3963 	EXP 	Sound  started
993.8663 	DATA 	Mouse: Left button down, pos=(390,341)
993.9941 	DATA 	Mouse:  Left button up, pos=(390,341)
994.0027 	EXP 	Sound  started
994.1532 	EXP 	New trial (rep=2, index=2): {'basicShape': 'circle', 'numObjectsInRing': 4, 'speed': 0.5, 'initialDirRing0': -1, 'numTargets': 3, 'whichIsTargetEachRing': array([3., 0., 0.]), 'ringToQuery': 2}
994.3534 	INFO 	Successfully set darwin thread to realtime
994.4546 	EXP 	window1: mouseVisible = False
998.1298 	EXP 	window1: mouseVisible = True
998.1310 	EXP 	Sound  stopped
998.1310 	EXP 	Sound  started
998.9320 	DATA 	Mouse: Left button down, pos=(443,326)
999.0421 	DATA 	Mouse:  Left button up, pos=(443,326)
999.0512 	EXP 	Sound  started
999.2017 	EXP 	New trial (rep=2, index=3): {'basicShape': 'circle', 'numObjectsInRing': 4, 'speed': 0.94, 'initialDirRing0': -1, 'numTargets': 3, 'whichIsTargetEachRing': array([1., 0., 2.]), 'ringToQuery': 2}
999.4024 	INFO 	Successfully set darwin thread to realtime
999.5039 	EXP 	window1: mouseVisible = False
1003.3839 	EXP 	window1: mouseVisible = True
1003.3850 	EXP 	Sound  stopped
1003.3850 	EXP 	Sound  started
1006.6460 	DATA 	Mouse: Left button down, pos=(446,445)
1006.7540 	DATA 	Mouse:  Left button up, pos=(446,445)
1006.7654 	EXP 	Sound  started
1006.9159 	EXP 	New trial (rep=2, index=4): {'basicShape': 'circle', 'numObjectsInRing': 4, 'speed': 0.72, 'initialDirRing0': -1, 'numTargets': 3, 'whichIsTargetEachRing': array([2., 2., 2.]), 'ringToQuery': 0}
1007.1163 	INFO 	Successfully set darwin thread to realtime
1007.2175 	EXP 	window1: mouseVisible = False
1010.8166 	EXP 	window1: mouseVisible = True
1010.8178 	EXP 	Sound  stopped
1010.8179 	EXP 	Sound  started
1011.7425 	DATA 	Mouse: Left button down, pos=(424,261)
1011.8616 	EXP 	Sound  started
1011.8982 	DATA 	Mouse:  Left button up, pos=(424,261)
1012.0121 	EXP 	New trial (rep=2, index=5): {'basicShape': 'circle', 'numObjectsInRing': 4, 'speed': 0.5, 'initialDirRing0': 1, 'numTargets': 3, 'whichIsTargetEachRing': array([3., 3., 3.]), 'ringToQuery': 1}
1012.2125 	INFO 	Successfully set darwin thread to realtime
1012.3138 	EXP 	window1: mouseVisible = False
1015.6673 	EXP 	window1: mouseVisible = True
1015.6681 	EXP 	Sound  stopped
1015.6682 	EXP 	Sound  started
1016.9883 	DATA 	Mouse: Left button down, pos=(645,260)
1017.0900 	DATA 	Mouse:  Left button up, pos=(645,260)
1017.1071 	EXP 	Sound  started
1017.2578 	EXP 	New trial (rep=2, index=6): {'basicShape': 'circle', 'numObjectsInRing': 4, 'speed': 0.67, 'initialDirRing0': -1, 'numTargets': 2, 'whichIsTargetEachRing': array([2., 0., 1.]), 'ringToQuery': 0}
1017.4583 	INFO 	Successfully set darwin thread to realtime
1017.5594 	EXP 	window1: mouseVisible = False
1022.0314 	EXP 	window1: mouseVisible = True
1022.0324 	EXP 	Sound  stopped
1022.0324 	EXP 	Sound  started
1023.4187 	DATA 	Mouse: Left button down, pos=(354,434)
1023.5143 	DATA 	Mouse:  Left button up, pos=(354,434)
1023.5380 	EXP 	Sound  started
1023.6884 	EXP 	New trial (rep=2, index=7): {'basicShape': 'circle', 'numObjectsInRing': 4, 'speed': 0.67, 'initialDirRing0': 1, 'numTargets': 2, 'whichIsTargetEachRing': array([2., 3., 1.]), 'ringToQuery': 0}
1023.8892 	INFO 	Successfully set darwin thread to realtime
1023.9904 	EXP 	window1: mouseVisible = False
1028.0519 	EXP 	window1: mouseVisible = True
1028.0529 	EXP 	Sound  stopped
1028.0529 	EXP 	Sound  started
1032.9994 	DATA 	Mouse: Left button down, pos=(447,285)
1033.1141 	DATA 	Mouse:  Left button up, pos=(447,285)
1033.1190 	EXP 	Sound  started
1033.2969 	EXP 	New trial (rep=2, index=8): {'basicShape': 'circle', 'numObjectsInRing': 8, 'speed': 0.49, 'initialDirRing0': -1, 'numTargets': 2, 'whichIsTargetEachRing': array([2., 7., 0.]), 'ringToQuery': 0}
1033.4980 	INFO 	Successfully set darwin thread to realtime
1033.5991 	EXP 	window1: mouseVisible = False
1037.5883 	EXP 	window1: mouseVisible = True
1037.5892 	EXP 	Sound  stopped
1037.5892 	EXP 	Sound  started
1038.3593 	DATA 	Mouse: Left button down, pos=(254,289)
1038.4821 	DATA 	Mouse:  Left button up, pos=(254,289)
1038.4953 	EXP 	Sound  started
1038.6458 	EXP 	New trial (rep=2, index=9): {'basicShape': 'circle', 'numObjectsInRing': 4, 'speed': 0.94, 'initialDirRing0': 1, 'numTargets': 3, 'whichIsTargetEachRing': array([2., 1., 2.]), 'ringToQuery': 2}
1038.8462 	INFO 	Successfully set darwin thread to realtime
1038.9474 	EXP 	window1: mouseVisible = False
1042.4070 	EXP 	window1: mouseVisible = True
1042.4079 	EXP 	Sound  stopped
1042.4080 	EXP 	Sound  started
1047.7801 	DATA 	Mouse: Left button down, pos=(420,331)
1047.8740 	DATA 	Mouse:  Left button up, pos=(420,331)
1047.8993 	EXP 	Sound  started
1048.0497 	EXP 	New trial (rep=2, index=10): {'basicShape': 'circle', 'numObjectsInRing': 8, 'speed': 0.65, 'initialDirRing0': -1, 'numTargets': 3, 'whichIsTargetEachRing': array([0., 5., 2.]), 'ringToQuery': 0}
1048.2511 	INFO 	Successfully set darwin thread to realtime
1048.3524 	EXP 	window1: mouseVisible = False
1051.5379 	EXP 	window1: mouseVisible = True
1051.5389 	EXP 	Sound  stopped
1051.5390 	EXP 	Sound  started
1052.6949 	DATA 	Mouse: Left button down, pos=(403,340)
1052.8363 	EXP 	Sound  started
1052.8661 	DATA 	Mouse:  Left button up, pos=(404,340)
1052.9868 	EXP 	New trial (rep=2, index=11): {'basicShape': 'circle', 'numObjectsInRing': 8, 'speed': 0.2, 'initialDirRing0': -1, 'numTargets': 3, 'whichIsTargetEachRing': array([7., 6., 7.]), 'ringToQuery': 1}
1053.1878 	INFO 	Successfully set darwin thread to realtime
1053.2889 	EXP 	window1: mouseVisible = False
1056.5448 	EXP 	window1: mouseVisible = True
1056.5462 	EXP 	Sound  stopped
1056.5462 	EXP 	Sound  started
1057.2792 	DATA 	Mouse: Left button down, pos=(434,326)
1057.4173 	EXP 	Sound  started
1057.4185 	DATA 	Mouse:  Left button up, pos=(434,326)
1057.5678 	EXP 	New trial (rep=2, index=12): {'basicShape': 'circle', 'numObjectsInRing': 8, 'speed': 0.7, 'initialDirRing0': 1, 'numTargets': 2, 'whichIsTargetEachRing': array([3., 5., 4.]), 'ringToQuery': 2}
1057.7681 	INFO 	Successfully set darwin thread to realtime
1057.8693 	EXP 	window1: mouseVisible = False
1062.0877 	EXP 	window1: mouseVisible = True
1062.0886 	EXP 	Sound  stopped
1062.0887 	EXP 	Sound  started
1063.1157 	DATA 	Mouse: Left button down, pos=(220,129)
1063.2530 	EXP 	Sound  started
1063.2662 	DATA 	Mouse:  Left button up, pos=(220,129)
1063.4035 	EXP 	New trial (rep=2, index=13): {'basicShape': 'circle', 'numObjectsInRing': 8, 'speed': 0.28, 'initialDirRing0': -1, 'numTargets': 2, 'whichIsTargetEachRing': array([5., 0., 3.]), 'ringToQuery': 2}
1063.6040 	INFO 	Successfully set darwin thread to realtime
1063.7053 	EXP 	window1: mouseVisible = False
1067.5480 	EXP 	window1: mouseVisible = True
1067.5492 	EXP 	Sound  stopped
1067.5493 	EXP 	Sound  started
1068.4197 	DATA 	Mouse: Left button down, pos=(408,264)
1068.4980 	DATA 	Mouse:  Left button up, pos=(408,264)
1068.5555 	EXP 	Sound  started
1068.7060 	EXP 	New trial (rep=2, index=14): {'basicShape': 'circle', 'numObjectsInRing': 8, 'speed': 0.7, 'initialDirRing0': -1, 'numTargets': 2, 'whichIsTargetEachRing': array([3., 7., 5.]), 'ringToQuery': 1}
1068.9062 	INFO 	Successfully set darwin thread to realtime
1069.0073 	EXP 	window1: mouseVisible = False
1072.9706 	EXP 	window1: mouseVisible = True
1072.9717 	EXP 	Sound  stopped
1072.9717 	EXP 	Sound  started
1073.7221 	DATA 	Mouse: Left button down, pos=(413,261)
1073.8580 	EXP 	Sound  started
1073.8660 	DATA 	Mouse:  Left button up, pos=(413,261)
1074.0085 	EXP 	New trial (rep=2, index=15): {'basicShape': 'circle', 'numObjectsInRing': 4, 'speed': 0.38, 'initialDirRing0': -1, 'numTargets': 2, 'whichIsTargetEachRing': array([1., 2., 3.]), 'ringToQuery': 2}
1074.2096 	INFO 	Successfully set darwin thread to realtime
1074.3109 	EXP 	window1: mouseVisible = False
1078.0484 	EXP 	window1: mouseVisible = True
1078.0494 	EXP 	Sound  stopped
1078.0495 	EXP 	Sound  started
1079.0954 	DATA 	Mouse: Left button down, pos=(373,446)
1079.2141 	EXP 	Sound  started
1079.2341 	DATA 	Mouse:  Left button up, pos=(373,446)
1079.3646 	EXP 	New trial (rep=2, index=16): {'basicShape': 'circle', 'numObjectsInRing': 4, 'speed': 0.29, 'initialDirRing0': 1, 'numTargets': 3, 'whichIsTargetEachRing': array([2., 3., 3.]), 'ringToQuery': 1}
1079.5652 	INFO 	Successfully set darwin thread to realtime
1079.6663 	EXP 	window1: mouseVisible = False
1083.8937 	EXP 	window1: mouseVisible = True
1083.8948 	EXP 	Sound  stopped
1083.8948 	EXP 	Sound  started
1085.4602 	DATA 	Mouse: Left button down, pos=(407,147)
1085.5787 	EXP 	Sound  started
1085.6181 	DATA 	Mouse:  Left button up, pos=(407,147)
1085.7293 	EXP 	New trial (rep=2, index=17): {'basicShape': 'circle', 'numObjectsInRing': 8, 'speed': 0.91, 'initialDirRing0': 1, 'numTargets': 2, 'whichIsTargetEachRing': array([7., 7., 2.]), 'ringToQuery': 1}
1085.9297 	INFO 	Successfully set darwin thread to realtime
1086.0309 	EXP 	window1: mouseVisible = False
1090.0189 	EXP 	window1: mouseVisible = True
1090.0200 	EXP 	Sound  stopped
1090.0200 	EXP 	Sound  started
1091.8516 	DATA 	Mouse: Left button down, pos=(249,331)
1091.9620 	DATA 	Mouse:  Left button up, pos=(249,331)
1091.9880 	EXP 	Sound  started
1092.1385 	EXP 	New trial (rep=2, index=18): {'basicShape': 'circle', 'numObjectsInRing': 8, 'speed': 0.28, 'initialDirRing0': 1, 'numTargets': 2, 'whichIsTargetEachRing': array([1., 0., 3.]), 'ringToQuery': 0}
1092.3395 	INFO 	Successfully set darwin thread to realtime
1092.4408 	EXP 	window1: mouseVisible = False
1096.8431 	EXP 	window1: mouseVisible = True
1096.8441 	EXP 	Sound  stopped
1096.8441 	EXP 	Sound  started
1097.9126 	DATA 	Mouse: Left button down, pos=(412,264)
1098.0492 	EXP 	Sound  started
1098.0580 	DATA 	Mouse:  Left button up, pos=(412,264)
1098.1996 	EXP 	New trial (rep=2, index=19): {'basicShape': 'circle', 'numObjectsInRing': 8, 'speed': 0.35, 'initialDirRing0': -1, 'numTargets': 3, 'whichIsTargetEachRing': array([7., 5., 7.]), 'ringToQuery': 0}
1098.4003 	INFO 	Successfully set darwin thread to realtime
1098.5015 	EXP 	window1: mouseVisible = False
1102.0672 	EXP 	window1: mouseVisible = True
1102.0684 	EXP 	Sound  stopped
1102.0685 	EXP 	Sound  started
1103.5479 	DATA 	Mouse: Left button down, pos=(430,327)
1103.6845 	EXP 	Sound  started
1103.6901 	DATA 	Mouse:  Left button up, pos=(430,327)
1103.8350 	EXP 	New trial (rep=2, index=20): {'basicShape': 'circle', 'numObjectsInRing': 4, 'speed': 0.38, 'initialDirRing0': 1, 'numTargets': 2, 'whichIsTargetEachRing': array([0., 0., 3.]), 'ringToQuery': 2}
1104.0360 	INFO 	Successfully set darwin thread to realtime
1104.1372 	EXP 	window1: mouseVisible = False
1107.8749 	EXP 	window1: mouseVisible = True
1107.8758 	EXP 	Sound  stopped
1107.8759 	EXP 	Sound  started
1109.4665 	DATA 	Mouse: Left button down, pos=(605,413)
1109.5851 	EXP 	Sound  started
1109.5939 	DATA 	Mouse:  Left button up, pos=(605,413)
1109.7355 	EXP 	New trial (rep=2, index=21): {'basicShape': 'circle', 'numObjectsInRing': 8, 'speed': 0.65, 'initialDirRing0': 1, 'numTargets': 3, 'whichIsTargetEachRing': array([7., 2., 7.]), 'ringToQuery': 2}
1109.9360 	INFO 	Successfully set darwin thread to realtime
1110.0373 	EXP 	window1: mouseVisible = False
1113.9321 	EXP 	window1: mouseVisible = True
1113.9330 	EXP 	Sound  stopped
1113.9331 	EXP 	Sound  started
1114.8057 	DATA 	Mouse: Left button down, pos=(453,292)
1114.9426 	EXP 	Sound  started
1114.9622 	DATA 	Mouse:  Left button up, pos=(453,292)
1115.0931 	EXP 	New trial (rep=2, index=22): {'basicShape': 'circle', 'numObjectsInRing': 4, 'speed': 1.25, 'initialDirRing0': -1, 'numTargets': 2, 'whichIsTargetEachRing': array([2., 2., 3.]), 'ringToQuery': 1}
1115.2942 	INFO 	Successfully set darwin thread to realtime
1115.3953 	EXP 	window1: mouseVisible = False
1119.7834 	EXP 	window1: mouseVisible = True
1119.7846 	EXP 	Sound  stopped
1119.7846 	EXP 	Sound  started
1121.4178 	DATA 	Mouse: Left button down, pos=(442,289)
1121.5219 	DATA 	Mouse:  Left button up, pos=(442,289)
1121.5428 	EXP 	Sound  started
1121.6934 	EXP 	New trial (rep=2, index=23): {'basicShape': 'circle', 'numObjectsInRing': 8, 'speed': 0.91, 'initialDirRing0': -1, 'numTargets': 2, 'whichIsTargetEachRing': array([7., 2., 1.]), 'ringToQuery': 1}
1121.8944 	INFO 	Successfully set darwin thread to realtime
1121.9955 	EXP 	window1: mouseVisible = False
1125.1778 	EXP 	window1: mouseVisible = True
1125.1789 	EXP 	Sound  stopped
1125.1789 	EXP 	Sound  started
1126.1990 	DATA 	Mouse: Left button down, pos=(451,293)
1126.3352 	EXP 	Sound  started
1126.3463 	DATA 	Mouse:  Left button up, pos=(451,293)
1126.4857 	EXP 	New trial (rep=2, index=24): {'basicShape': 'circle', 'numObjectsInRing': 4, 'speed': 1.25, 'initialDirRing0': 1, 'numTargets': 2, 'whichIsTargetEachRing': array([1., 3., 3.]), 'ringToQuery': 2}
1126.6860 	INFO 	Successfully set darwin thread to realtime
1126.7871 	EXP 	window1: mouseVisible = False
1130.0677 	EXP 	window1: mouseVisible = True
1130.0686 	EXP 	Sound  stopped
1130.0686 	EXP 	Sound  started
1130.9587 	DATA 	Mouse: Left button down, pos=(299,421)
1131.0794 	EXP 	Sound  started
1131.1300 	DATA 	Mouse:  Left button up, pos=(299,421)
1131.2299 	EXP 	New trial (rep=2, index=25): {'basicShape': 'circle', 'numObjectsInRing': 8, 'speed': 0.49, 'initialDirRing0': 1, 'numTargets': 2, 'whichIsTargetEachRing': array([2., 7., 4.]), 'ringToQuery': 1}
1131.4303 	INFO 	Successfully set darwin thread to realtime
1131.5314 	EXP 	window1: mouseVisible = False
1135.1604 	EXP 	window1: mouseVisible = True
1135.1617 	EXP 	Sound  stopped
1135.1617 	EXP 	Sound  started
1136.0694 	DATA 	Mouse: Left button down, pos=(179,411)
1136.2123 	EXP 	Sound  started
1136.2501 	DATA 	Mouse:  Left button up, pos=(179,411)
1136.3628 	EXP 	New trial (rep=2, index=26): {'basicShape': 'circle', 'numObjectsInRing': 8, 'speed': 0.5, 'initialDirRing0': 1, 'numTargets': 3, 'whichIsTargetEachRing': array([7., 5., 6.]), 'ringToQuery': 1}
1136.5640 	INFO 	Successfully set darwin thread to realtime
1136.6652 	EXP 	window1: mouseVisible = False
1141.0185 	EXP 	window1: mouseVisible = True
1141.0194 	EXP 	Sound  stopped
1141.0194 	EXP 	Sound  started
1142.0916 	DATA 	Mouse: Left button down, pos=(353,303)
1142.2182 	DATA 	Mouse:  Left button up, pos=(353,303)
1142.2282 	EXP 	Sound  started
1142.3787 	EXP 	New trial (rep=2, index=27): {'basicShape': 'circle', 'numObjectsInRing': 4, 'speed': 0.96, 'initialDirRing0': 1, 'numTargets': 2, 'whichIsTargetEachRing': array([3., 2., 2.]), 'ringToQuery': 0}
1142.5792 	INFO 	Successfully set darwin thread to realtime
1142.6804 	EXP 	window1: mouseVisible = False
1146.2689 	EXP 	window1: mouseVisible = True
1146.2698 	EXP 	Sound  stopped
1146.2698 	EXP 	Sound  started
1147.3783 	DATA 	Mouse: Left button down, pos=(449,276)
1147.5032 	EXP 	Sound  started
1147.5141 	DATA 	Mouse:  Left button up, pos=(449,276)
1147.6537 	EXP 	New trial (rep=2, index=28): {'basicShape': 'circle', 'numObjectsInRing': 4, 'speed': 0.96, 'initialDirRing0': -1, 'numTargets': 2, 'whichIsTargetEachRing': array([2., 2., 0.]), 'ringToQuery': 2}
1147.8541 	INFO 	Successfully set darwin thread to realtime
1147.9553 	EXP 	window1: mouseVisible = False
1151.9619 	EXP 	window1: mouseVisible = True
1151.9630 	EXP 	Sound  stopped
1151.9630 	EXP 	Sound  started
1152.8025 	DATA 	Mouse: Left button down, pos=(469,426)
1152.9227 	EXP 	Sound  started
1152.9541 	DATA 	Mouse:  Left button up, pos=(469,427)
1153.0731 	EXP 	New trial (rep=2, index=29): {'basicShape': 'circle', 'numObjectsInRing': 4, 'speed': 0.29, 'initialDirRing0': -1, 'numTargets': 3, 'whichIsTargetEachRing': array([1., 0., 0.]), 'ringToQuery': 1}
1153.2735 	INFO 	Successfully set darwin thread to realtime
1153.3746 	EXP 	window1: mouseVisible = False
1156.5820 	EXP 	window1: mouseVisible = True
1156.5831 	EXP 	Sound  stopped
1156.5831 	EXP 	Sound  started
1158.6622 	DATA 	Mouse: Left button down, pos=(293,84)
1158.7834 	EXP 	Sound  started
1158.8260 	DATA 	Mouse:  Left button up, pos=(297,83)
1158.9341 	EXP 	New trial (rep=2, index=30): {'basicShape': 'circle', 'numObjectsInRing': 8, 'speed': 0.5, 'initialDirRing0': -1, 'numTargets': 3, 'whichIsTargetEachRing': array([4., 3., 5.]), 'ringToQuery': 2}
1159.1353 	INFO 	Successfully set darwin thread to realtime
1159.2364 	EXP 	window1: mouseVisible = False
1163.0405 	EXP 	window1: mouseVisible = True
1163.0416 	EXP 	Sound  stopped
1163.0417 	EXP 	Sound  started
1164.0569 	DATA 	Mouse: Left button down, pos=(241,346)
1164.1946 	EXP 	Sound  started
1164.2341 	DATA 	Mouse:  Left button up, pos=(246,345)
1164.3451 	EXP 	New trial (rep=2, index=31): {'basicShape': 'circle', 'numObjectsInRing': 8, 'speed': 0.2, 'initialDirRing0': 1, 'numTargets': 3, 'whichIsTargetEachRing': array([2., 2., 1.]), 'ringToQuery': 0}
1164.5456 	INFO 	Successfully set darwin thread to realtime
1164.6467 	EXP 	window1: mouseVisible = False
1167.9789 	EXP 	window1: mouseVisible = True
1167.9797 	EXP 	Sound  stopped
1167.9798 	EXP 	Sound  started
1169.5632 	DATA 	Mouse: Left button down, pos=(528,362)
1169.6740 	DATA 	Mouse:  Left button up, pos=(531,362)
1169.6995 	EXP 	Sound  started
