35.0058 	ERROR 	Median frames per second =592.8 BUT program assumes 110.0which is off by more than3%!!
35.0058 	INFO 	longFrameLimit=11.545 Recording trials where one or more interframe interval exceeded this figure 
35.0059 	INFO 	computer platform=darwin
35.0059 	INFO 	File that generated this = sys.argv[0]= /Users/labmember/Documents/MOTcircularClean_0208/MOTcircular.py
35.0059 	INFO 	has_retina_scrn=True
1.0000 	INFO 	trialsPerCondition =
35.3931 	EXP 	Created window1 = Window(allowGUI=False, allowStencil=False, autoLog=True, backendConf=UNKNOWN, backgroundFit=<method-wrapper '__getattribute__' of attributeSetter object at 0x7fd519806910>, backgroundImage=<method-wrapper '__getattribute__' of attributeSetter object at 0x7fd5198068b0>, bitsMode=UNKNOWN, blendMode='avg', bpc=(8, 8, 8), color=array([-1, -1, -1]), colorSpace='rgb', depthBits=8, fullscr=<method-wrapper '__getattribute__' of attributeSetter object at 0x7fd519806730>, gamma=None, gammaErrorPolicy='raise', lms=UNKNOWN, monitor=<psychopy.monitors.calibTools.Monitor object at 0x7fd5125aceb0>, multiSample=False, name='window1', numSamples=2, pos=[0.0, 0.0], screen=1, size=array([800, 600]), stencilBits=0, stereo=False, title='PsychoPy', units='deg', useFBO=False, useRetina=False, viewOri=0.0, viewPos=None, viewScale=None, waitBlanking=False, winType='pyglet')
35.3933 	EXP 	window1: mouseVisible = True
35.3933 	EXP 	window1: backgroundImage = None
35.3933 	EXP 	window1: backgroundFit = 'cover'
35.3934 	EXP 	window1: mouseVisible = 'true'
35.5186 	INFO 	Successfully set darwin thread to realtime
35.6167 	INFO 	second window opening runInfo mean ms=1.5496992033897217
35.6168 	INFO 	#[ PsychoPy3 RuntimeInfoStart ]
  #[[ PsychoPy ]] #---------
    psychopyVersion: 2023.2.3
    psychopyHaveExtRush: True
  #[[ Experiment ]] #---------
    experimentAuthVersion: None
    experimentAuthor: None
    experimentRunTime: 2024_02_16 14:42 (Year_Month_Day Hour:Min)
    experimentRunTime.epoch: 1708054962
    experimentScript: MOTcircular.py
    experimentScript.digestSHA1: 9f68d28f6caaef6245face511161dea232cad61a
    experimentScript.directory: /Users/labmember/Documents/MOTcircularClean_0208
  #[[ System ]] #---------
    systemFlacVersion: flac 1.3.3
    systemHaveInternetAccess: False (proxies not attempted)
    systemHostName: Alexs-MacBook-Pro.local
    systemLocale: None.UTF-8
    systemMemFreeRAM: 10410.890625
    systemMemTotalRAM: 16384.0
    systemPlatform: darwin 10.16 x86_64
    systemRavailable: R version 4.0.3 (2020-10-10) -- Bunny-Wunnies Freak Out
    systemRebooted: Feb 16 14:22
    systemSec.OpenSSLVersion: LibreSSL 2.8.3
    systemSec.pythonSSL: True
    systemTimeNumpySD1000000_sec: 0.0028
    systemUser: labmember
    systemUserID: 503
    systemUserProcCmdPid: cloudd safeejectgpuagent lskdd pah_extension symseplps parsecd autofsd parsec-fbf adid symantec universalaccessd contextstored keybagd mdnsresponderhel usernoted rpcsvchost sandboxd opendirectoryd corespeechd screentimeagent vtdecoderxpcservice kernelmanagerd siriinferenced echo_upload_log com.apple.appkit.xpc.openandsavepanelservice akd safeejectgpuservice progressd rtcreportingd com.apple.appleu mdnsresponder mobileactivation fileproviderd tccd echo_uc_upload crashreportersup rapportd terminal wifiagent com.apple.mobile remoted analyticsd studentd audiocomponentre loginwindow firefox coresymbolicatio iconservicesagen passd usagetrackingagent notificationcenter emojifunctionrowim_extension systemstats com.apple.dictionaryservicehelper sharedfilelistd diskmanagementd python apfsd embeddedosinstal com.apple.geod passwordbreachagent dprivacyd coreservicesd com.apple.clouddocs.mobiledocumentsfileprovider pboard sysextd adprivacyd keyboardservicesd com.apple.accoun wifivelocityd xprotectpluginservice controlstrip standaloneupdate appstoreagent com.apple.audio.sandboxhelper cvmserver appleeventsd suhelperd xprotect mdwrite trustd finder homed diagnosticextensionsd ctkahp lockoutagent runningboardd 'system preferences' wirelessradioman aksusbd airplayuiagent networkserviceproxy watchdogd controlcenter corespotlightd echo_session_agent perfpowerservice mirrordisplays com.apple.safari.history helpd com.symantec.mes identityservicesd com.apple.safari.safebrowsing.service containermanagerd com.apple.hiserv callservicesd callhistorypluginhelper coreservicesuiagent echo_task_manage carboncomponentscannerxpc useractivityd smd apsd echo_system_stat apfsuseragent contactsaccountsservice authd fontd cloudkeychainproxy colorsyncd safaribookmarkssyncagent eoshostd com.apple.webkit.webcontent contextservice echo_spinner imdpersistenceagent calncservice safarilaunchagent fseventsd windowserver wifivelocityagent knowledge-agent secd biokitaggdd findmydeviced servicerecords com.apple.siri.embeddedspeech com.apple.ifdrea categoriesservice usbmuxd symsharedsetting containermanager colorsync.useragent logd com.apple.characterpicker.fileservice suggestd nehelper pluginlibraryser storagekitd icdd locationd aslmanager seld imageioxpcservice translationd configd nfcd echo_ws_api spotlight com.apple.sbd gsscred spindump_agent commcenter nesessionmanager logind echo_user_agent weatherwidget diagnostics_agent distnoted audiocomponentregistrar newstoday2 cloudpaird systemsoundserve backgroundtaskmanagementagent biometrickitd coreduetd mdbulkimport fontworker iconservicesd ampdevicediscoveryagent colorsync.displa com.apple.cmio.r agsservice askpermissiond secinitd displaypolicyd 'github desktop' iconservicesagent airportd launchd xprotectpluginse spindump backupd com.apple.quicklook.thumbnailsagent imklaunchagent itunescloudd usbagent touchbarserver vpnagentd submitdiaginfo poweruiagent fmfd safari xartstorageremot hasplmd com.apple.webkit.networking findmymacd wifianalyticsd filecoordination uninstalld thermalmonitord backupd-helper accountprofileremoteviewservice corelocationagent applespell imautomatichistorydeletionagent uikitsystem com.apple.colors thermald accountsd powerd awdd com.apple.dock.external.extra.x86_64 echo_restapi hidd mds talagent viewbridgeauxiliary neagent mediaremoted echo_adhoc_contr vdcassistant com.apple.codesi mobileassetd stockswidget mdworker_shared pbs pluginlibraryservice echo_nginx gamecontrollerd kernel_task pkd systemuiserver mediaremoteagent nsurlsessiond securityd_servic mdworker auditd calendarwidgetextension revisiond routined imremoteurlconnectionagent amsengagementd cdpd ctkd quicklookuiservice com.apple.driver ocspd screentimewidgetextension sharingd amfid symptomsd installcoordinat 'keychain circle notification' bird swcd coreaudiod mds_stores amsaccountsd com.apple.hiservices-xpcservice bash protectedcloudkeysyncing com.apple.ambien kerneleventagent cfprefsd followupd com.apple.preference.displays.airplaydevicemenuservice contextstoreagent online-authd dasd notifyd commerce usbd logd_helper plugin-container aspcarrylog psychopy bootinstalld applecredentialm viewbridgeauxili worldclockwidget corebrightnessd calendaragent captiveagent reportcrash echo_shrec com.apple.appsto securityd searchpartyd dock zoutlookpluginagent endpointsecurity launchservicesd airplayxpchelper receiverhelper softwareupdatenotificationmanager usereventagent taskgated photolibraryd com.apple.audio. xpcroleaccountd assistantd textinputswitcher softwareupdated coreauthd lsd syspolicyd imagent appssoagent dmd sysmond cvmcompiler bluetoothd com.cisco.anycon textinputmenuagent familycircled timed syslogd diskarbitrationd triald com.apple.dock.extra
    systemUserProcCount: 410
    systemUserProcFlagged: mds_stores mdworker_shared SafariLaunchAgent itunescloudd mdworker Safari SafariBookmarksSyncAgent firefox mds
    systemUsersCount: 1
  #[[ Window ]] #---------
    windowWinType: pyglet
    windowWaitBlanking: False
    windowUseNativeGamma: True
    windowUnits: deg
    windowSize_pix: [800 600]
    windowScreen: 1
    windowRgb: [-1 -1 -1]
    windowRefreshTimeSD_ms: 0.749
    windowRefreshTimeMedian_ms: 1.419
    windowRefreshTimeAvg_ms: 1.550
    windowRefreshThreshold_sec: 0.0028
    windowRecordFrameIntervals: False
    windowPos_pix: [0.0, 0.0]
    windowMonitor.name: testMonitor
    windowMonitor.getWidth_cm: 38.0
    windowMonitor.getLinearizeMethod: 1
    windowMonitor.getGammaGrid: [[ 0.  1.  1. nan nan nan]
 [ 0.  1.  1. nan nan nan]
 [ 0.  1.  1. nan nan nan]
 [ 0.  1.  1. nan nan nan]]
    windowMonitor.getDistance_cm: 50.0
    windowMonitor.gammaInterpolator2: None
    windowMonitor.gammaInterpolator: None
    windowMonitor.currentCalibName: 2023_12_15 12:40
    windowIsFullScr: 1
    windowHaveShaders: True
    windowAllowGUI: False
  #[[ Python ]] #---------
    pythonWxVersion: 4.1.1 osx-cocoa (phoenix) wxWidgets 3.1.5
    pythonVersion: 3.8.10
    pythonScipyVersion: 1.10.1
    pythonPygletVersion: 1.5.27
    pythonPygameVersion: (no pygame)
    pythonNumpyVersion: 1.23.5
    pythonMatplotlibVersion: 3.7.1
    pythonFullVersion: 3.8.10 (v3.8.10:3d8993a744, May  3 2021, 08:55:58)  [Clang 6.0 (clang-600.0.57)]
    pythonExecutable: /Applications/PsychoPy.app/Contents/MacOS/python
  #[[ OpenGL ]] #---------
    openGLmaxVerticesInVertexArray: 1048575
    False: openGLext.GL_STEREO
    True: openGLext.GL_EXT_framebuffer_object
    True: openGLext.GL_ARB_vertex_shader
    True: openGLext.GL_ARB_texture_non_power_of_two
    True: openGLext.GL_ARB_texture_float
    True: openGLext.GL_ARB_shader_objects
    True: openGLext.GL_ARB_multitexture
    True: openGLext.GL_ARB_fragment_program
    openGLVersion: 2.1 ATI-4.6.20
    openGLVendor: ATI Technologies Inc.
    openGLRenderingEngine: AMD Radeon Pro 460 OpenGL Engine
#[ PsychoPy3 RuntimeInfoEnd ]

35.6176 	INFO 	gammaGrid=[[ 0.  1.  1. nan nan nan]
 [ 0.  1.  1. nan nan nan]
 [ 0.  1.  1. nan nan nan]
 [ 0.  1.  1. nan nan nan]]
35.6176 	INFO 	linearizeMethod=1
35.6251 	EXP 	window1: mouseVisible = True
35.6281 	EXP 	window1: mouseVisible = True
35.6330 	EXP 	window1: mouseVisible = True
35.6343 	EXP 	window1: mouseVisible = True
35.6352 	EXP 	window1: mouseVisible = True
35.6361 	EXP 	window1: mouseVisible = True
35.6375 	EXP 	window1: mouseVisible = True
35.6384 	EXP 	window1: mouseVisible = True
35.6392 	EXP 	window1: mouseVisible = True
35.6408 	EXP 	window1: mouseVisible = True
35.6424 	EXP 	window1: mouseVisible = True
35.6443 	EXP 	window1: mouseVisible = True
35.6940 	EXP 	window1: mouseVisible = True
35.6968 	EXP 	window1: mouseVisible = True
35.6994 	EXP 	window1: mouseVisible = True
36.0343 	EXP 	Created sequence: random, trialTypes=40, nReps=1, seed=None
36.3136 	INFO 	starting exp with name: "TemporalFrequencyLimit" at 16Feb2024_14-42
36.3136 	INFO 	numtrials=40, trialDurMin= 1 trackVariableIntervMax= 0.8refreshRate=110.0
36.3136 	INFO 	cueRampUpDur=0 cueRampDownDur= 0 secs
36.3136 	INFO 	task=track   respType=order
36.3139 	INFO 	ring radii=[ 2.5  7.  15. ]
36.3139 	INFO 	drawingAsGrating=False gratingTexPix=1024 antialiasGrating=True
trialnum=0 ERROR,11 frames were longer than 11.545 ms apparently screen refreshes skipped, interframe durs were:[15.7 11.9 13.9 12.7 21.6 16.7 12.9 12.2 17.7 13.3 13.7] and was these frames: [ 15  49  57  58  73  74 119 120 121 180 209]
36.3159 	EXP 	New trial (rep=0, index=0): {'basicShape': 'circle', 'numObjectsInRing': 4, 'speed': 0.88, 'initialDirRing0': -1, 'numTargets': 2, 'whichIsTargetEachRing': array([-999., -999., -999.]), 'ringToQuery': 999}
185.3059 	INFO 	Successfully set darwin thread to realtime
185.4071 	EXP 	window1: mouseVisible = False
189.9930 	EXP 	window1: mouseVisible = True
201.9281 	DATA 	Keypress: escape
202.1800 	EXP 	New trial (rep=0, index=1): {'basicShape': 'circle', 'numObjectsInRing': 8, 'speed': 0.91, 'initialDirRing0': -1, 'numTargets': 2, 'whichIsTargetEachRing': array([-999., -999., -999.]), 'ringToQuery': 999}
202.3802 	INFO 	User aborted experiment by keypress with trialNum=1
202.3802 	INFO 	Finishing now, at 16Feb2024_14-42
202.3807 	INFO 	Num correct each speed: [0. 0. 0. 0. 0. 0. 0. 0. 0. 0. 0. 0. 0. 0. 0. 0. 0. 0. 0.]		Num trials each speed =[0. 0. 0. 0. 0. 0. 0. 0. 0. 0. 0. 0. 0. 0. 0. 0. 0. 0. 0.]
