31.4421 	ERROR 	Median frames per second =85.1 BUT program assumes 110.0which is off by more than3%!!
31.4421 	INFO 	longFrameLimit=11.545 Recording trials where one or more interframe interval exceeded this figure 
31.4421 	INFO 	computer platform=darwin
31.4422 	INFO 	File that generated this = sys.argv[0]= /Users/labmember/Documents/MOTcircularClean_0208/MOTcircular.py
31.4422 	INFO 	has_retina_scrn=True
1.0000 	INFO 	trialsPerCondition =
32.0128 	EXP 	Created window1 = Window(allowGUI=False, allowStencil=False, autoLog=True, backendConf=UNKNOWN, backgroundFit=<method-wrapper '__getattribute__' of attributeSetter object at 0x7f8e417364c0>, backgroundImage=<method-wrapper '__getattribute__' of attributeSetter object at 0x7f8e41736460>, bitsMode=UNKNOWN, blendMode='avg', bpc=(8, 8, 8), color=array([-1, -1, -1]), colorSpace='rgb', depthBits=8, fullscr=<method-wrapper '__getattribute__' of attributeSetter object at 0x7f8e417362e0>, gamma=None, gammaErrorPolicy='raise', lms=UNKNOWN, monitor=<psychopy.monitors.calibTools.Monitor object at 0x7f8e3a5aceb0>, multiSample=False, name='window1', numSamples=2, pos=[0.0, 0.0], screen=1, size=array([800, 600]), stencilBits=0, stereo=False, title='PsychoPy', units='deg', useFBO=False, useRetina=False, viewOri=0.0, viewPos=None, viewScale=None, waitBlanking=False, winType='pyglet')
32.0130 	EXP 	window1: mouseVisible = True
32.0130 	EXP 	window1: backgroundImage = None
32.0131 	EXP 	window1: backgroundFit = 'cover'
32.0132 	EXP 	window1: mouseVisible = 'true'
32.1371 	INFO 	Successfully set darwin thread to realtime
32.8486 	INFO 	second window opening runInfo mean ms=11.765422864408396
32.8486 	INFO 	#[ PsychoPy3 RuntimeInfoStart ]
  #[[ PsychoPy ]] #---------
    psychopyVersion: 2023.2.3
    psychopyHaveExtRush: True
  #[[ Experiment ]] #---------
    experimentAuthVersion: None
    experimentAuthor: None
    experimentRunTime: 2024_02_16 14:48 (Year_Month_Day Hour:Min)
    experimentRunTime.epoch: 1708055331
    experimentScript: MOTcircular.py
    experimentScript.digestSHA1: c9346da0e14e9117a30b8888366d365e8157ec38
    experimentScript.directory: /Users/labmember/Documents/MOTcircularClean_0208
  #[[ System ]] #---------
    systemFlacVersion: flac 1.3.3
    systemHaveInternetAccess: False (proxies not attempted)
    systemHostName: Alexs-MacBook-Pro.local
    systemLocale: None.UTF-8
    systemMemFreeRAM: 10445.72265625
    systemMemTotalRAM: 16384.0
    systemPlatform: darwin 10.16 x86_64
    systemRavailable: R version 4.0.3 (2020-10-10) -- Bunny-Wunnies Freak Out
    systemRebooted: Feb 16 14:22
    systemSec.OpenSSLVersion: LibreSSL 2.8.3
    systemSec.pythonSSL: True
    systemTimeNumpySD1000000_sec: 0.0026
    systemUser: labmember
    systemUserID: 503
    systemUserProcCmdPid: logd_helper cdpd com.apple.audio.sandboxhelper imremoteurlconnectionagent familycircled secinitd systemstats apfsuseragent studentd com.apple.clouddocs.mobiledocumentsfileprovider universalaccessd spotlight amfid callservicesd timed colorsync.useragent lskdd com.apple.preference.displays.airplaydevicemenuservice com.apple.sbd dockhelper standaloneupdate apfsd emojifunctionrowim_extension psychopy touchbarserver viewbridgeauxiliary launchd com.apple.webkit.networking reportcrash xprotectpluginservice com.apple.siri.embeddedspeech containermanager mdwrite cloudkeychainproxy callhistorypluginhelper aslmanager commerce tccd iconservicesagen findmymacd notifyd crashreportersup amsaccountsd fileproviderd icdd com.apple.characterpicker.fileservice imdpersistenceagent 'github desktop' carboncomponentscannerxpc contextservice vtdecoderxpcservice imklaunchagent distnoted com.apple.ifdrea symptomsd fmfd watchdogd opendirectoryd corespotlightd com.apple.cmio.r pluginlibraryservice newstoday2 usbagent aksusbd echo_spinner worldclockwidget airplayuiagent lsd python wifianalyticsd followupd suhelperd diagnostics_agent adid mdworker perfpowerservice coreauthd wirelessradioman nsurlsessiond mdworker_shared mobileactivation servicerecords akd echo_shrec usagetrackingagent rpcsvchost mds routined awdd windowserver textinputmenuagent captiveagent vdcassistant symsharedsetting usbmuxd auditd echo_upload_log ocspd com.apple.codesi echo_user_agent syslogd applespell corebrightnessd com.symantec.mes gsscred nesessionmanager echo_system_stat com.apple.audio. systemsoundserve sharedfilelistd spindump appssoagent passwordbreachagent dock passd taskgated logd helpd echo_restapi corespeechd configd assistantd uninstalld vpnagentd finder findmydeviced com.apple.dictionaryservicehelper kernelmanagerd mediaremoteagent firefox cvmcompiler aspcarrylog rtcreportingd com.apple.ambien wifiagent audiocomponentre pbs airplayxpchelper controlcenter softwareupdated symseplps bluetoothd corelocationagent mdnsresponderhel pboard coresymbolicatio softwareupdatenotificationmanager imagent sharingd useractivityd appleeventsd notificationcenter colorsync.displa launchservicesd backupd-helper safaribookmarkssyncagent fontd mobileassetd systemuiserver parsecd searchpartyd com.apple.safari.safebrowsing.service containermanagerd echo_task_manage viewbridgeauxili safeejectgpuagent xprotectpluginse uikitsystem poweruiagent loginwindow safarilaunchagent airportd safeejectgpuservice contactsaccountsservice photolibraryd ampdevicediscoveryagent apsd backgroundtaskmanagementagent 'keychain circle notification' stockswidget knowledge-agent calendaragent calendarwidgetextension online-authd storagekitd coreaudiod smd biometrickitd runningboardd eoshostd thermald com.apple.mobile echo_nginx ctkd mds_stores xpcroleaccountd mediaremoted backupd plugin-container zoutlookpluginagent applecredentialm com.apple.geod networkserviceproxy gamecontrollerd hidd progressd endpointsecurity displaypolicyd cloudpaird bootinstalld cloudd diagnosticextensionsd diskmanagementd itunescloudd com.apple.dock.extra com.apple.colors usbd screentimewidgetextension mirrordisplays com.apple.appsto mdbulkimport trustd mdnsresponder sysextd com.apple.appleu echo_adhoc_contr sysmond dprivacyd talagent identityservicesd protectedcloudkeysyncing logind hasplmd triald syspolicyd analyticsd accountsd accountprofileremoteviewservice echo_session_agent terminal translationd keyboardservicesd thermalmonitord cvmserver calncservice com.apple.safari.history rapportd colorsyncd amsengagementd ctkahp com.cisco.anycon symantec submitdiaginfo securityd careportingservi weatherwidget dmd embeddedosinstal com.apple.accoun nfcd kerneleventagent echo_ws_api remoted com.apple.driver bird suggestd coreservicesuiagent bash biokitaggdd fseventsd dasd spindump_agent adprivacyd iconservicesagent keybagd commcenter com.apple.hiserv sandboxd imautomatichistorydeletionagent echo_uc_upload locationd wifivelocityagent receiverhelper pah_extension iconservicesd com.apple.hiservices-xpcservice appstoreagent agsservice com.apple.quicklook.thumbnailsagent usernotificationcenter securityd_servic com.apple.dock.external.extra.x86_64 fontworker audiocomponentregistrar textinputswitcher xprotect pluginlibraryser diskarbitrationd secd nehelper wifivelocityd swcd filecoordination cfprefsd contextstored usereventagent installcoordinat xartstorageremot homed categoriesservice com.apple.appkit.xpc.openandsavepanelservice seld imageioxpcservice 'system preferences' neagent askpermissiond screentimeagent siriinferenced lockoutagent revisiond autofsd parsec-fbf kernel_task contextstoreagent quicklookuiservice powerd authd coreservicesd com.apple.webkit.webcontent safari controlstrip coreduetd usernoted pkd
    systemUserProcCount: 414
    systemUserProcFlagged: mds_stores mds Safari SafariLaunchAgent SafariBookmarksSyncAgent mdworker firefox mdworker_shared itunescloudd
    systemUsersCount: 1
  #[[ Window ]] #---------
    windowWinType: pyglet
    windowWaitBlanking: False
    windowUseNativeGamma: True
    windowUnits: deg
    windowSize_pix: [800 600]
    windowScreen: 1
    windowRgb: [-1 -1 -1]
    windowRefreshTimeSD_ms: 0.766
    windowRefreshTimeMedian_ms: 11.769
    windowRefreshTimeAvg_ms: 11.765
    windowRefreshThreshold_sec: 0.0141
    windowRecordFrameIntervals: False
    windowPos_pix: [0.0, 0.0]
    windowMonitor.name: testMonitor
    windowMonitor.getWidth_cm: 38.0
    windowMonitor.getLinearizeMethod: 1
    windowMonitor.getGammaGrid: [[ 0.  1.  1. nan nan nan]
 [ 0.  1.  1. nan nan nan]
 [ 0.  1.  1. nan nan nan]
 [ 0.  1.  1. nan nan nan]]
    windowMonitor.getDistance_cm: 50.0
    windowMonitor.gammaInterpolator2: None
    windowMonitor.gammaInterpolator: None
    windowMonitor.currentCalibName: 2023_12_15 12:40
    windowIsFullScr: 1
    windowHaveShaders: True
    windowAllowGUI: False
  #[[ Python ]] #---------
    pythonWxVersion: 4.1.1 osx-cocoa (phoenix) wxWidgets 3.1.5
    pythonVersion: 3.8.10
    pythonScipyVersion: 1.10.1
    pythonPygletVersion: 1.5.27
    pythonPygameVersion: (no pygame)
    pythonNumpyVersion: 1.23.5
    pythonMatplotlibVersion: 3.7.1
    pythonFullVersion: 3.8.10 (v3.8.10:3d8993a744, May  3 2021, 08:55:58)  [Clang 6.0 (clang-600.0.57)]
    pythonExecutable: /Applications/PsychoPy.app/Contents/MacOS/python
  #[[ OpenGL ]] #---------
    openGLmaxVerticesInVertexArray: 1048575
    False: openGLext.GL_STEREO
    True: openGLext.GL_EXT_framebuffer_object
    True: openGLext.GL_ARB_vertex_shader
    True: openGLext.GL_ARB_texture_non_power_of_two
    True: openGLext.GL_ARB_texture_float
    True: openGLext.GL_ARB_shader_objects
    True: openGLext.GL_ARB_multitexture
    True: openGLext.GL_ARB_fragment_program
    openGLVersion: 2.1 ATI-4.6.20
    openGLVendor: ATI Technologies Inc.
    openGLRenderingEngine: AMD Radeon Pro 460 OpenGL Engine
#[ PsychoPy3 RuntimeInfoEnd ]

32.8493 	INFO 	gammaGrid=[[ 0.  1.  1. nan nan nan]
 [ 0.  1.  1. nan nan nan]
 [ 0.  1.  1. nan nan nan]
 [ 0.  1.  1. nan nan nan]]
32.8494 	INFO 	linearizeMethod=1
32.8505 	EXP 	window1: mouseVisible = True
32.8528 	EXP 	window1: mouseVisible = True
32.8582 	EXP 	window1: mouseVisible = True
32.8595 	EXP 	window1: mouseVisible = True
32.8606 	EXP 	window1: mouseVisible = True
32.8616 	EXP 	window1: mouseVisible = True
32.8633 	EXP 	window1: mouseVisible = True
32.8644 	EXP 	window1: mouseVisible = True
32.8651 	EXP 	window1: mouseVisible = True
32.8671 	EXP 	window1: mouseVisible = True
32.8691 	EXP 	window1: mouseVisible = True
32.8713 	EXP 	window1: mouseVisible = True
32.9062 	EXP 	window1: mouseVisible = True
32.9090 	EXP 	window1: mouseVisible = True
32.9116 	EXP 	window1: mouseVisible = True
33.2367 	EXP 	Created sequence: random, trialTypes=40, nReps=1, seed=None
33.4623 	INFO 	starting exp with name: "TemporalFrequencyLimit" at 16Feb2024_14-48
33.4624 	INFO 	numtrials=40, trialDurMin= 1 trackVariableIntervMax= 0.8refreshRate=110.0
33.4624 	INFO 	cueRampUpDur=0 cueRampDownDur= 0 secs
33.4624 	INFO 	task=track   respType=order
33.4626 	INFO 	ring radii=[ 2.5  7.  15. ]
33.4626 	INFO 	drawingAsGrating=False gratingTexPix=1024 antialiasGrating=True
trialnum=0 ERROR,133 frames were longer than 11.545 ms apparently screen refreshes skipped, interframe durs were:[17.9 17.8 19.2 18.4 18.3 17.8 17.8 20.8 21.8 22.6 41.2 17.9 17.8 18.1
 17.9 17.7 17.7 18.2 17.9 18.5 17.9 17.9 17.9 18.1 17.9 18.  18.1 17.9
 18.8 18.8 18.3 18.1 17.7 18.  17.8 17.8 18.5 19.5 17.8 17.7 20.2 18.2
 17.6 17.6 17.5 17.6 17.5 18.  17.7 17.7 18.2 17.7 17.7 17.7 17.9 17.9
 17.8 17.7 17.8 17.7 17.8 17.5 19.3 17.8 17.9 17.6 21.8 17.8 18.  17.6
 18.1 17.9 17.7 17.7 17.6 17.7 17.9 17.6 18.2 17.8 17.8 17.8 18.  17.8
 17.8 18.1 18.1 17.7 17.9 17.5 17.5 18.  17.6 17.4 17.5 17.8 17.4 17.8
 17.8 17.7 18.1 18.1 17.9 17.7 17.8 17.8 17.7 17.6 18.3 17.8 17.8 17.8
 17.8 17.8 17.9 17.7 17.9 17.6 17.7 17.7 17.9 17.6 17.8 17.7 17.8 17.9
 19.1 19.2 20.4 22.8 18.4 18.1 18.2] and was these frames: [  0   1   2   3   4   5   6   7   8   9  10  11  12  13  14  15  16  17
  18  19  20  21  22  23  24  25  26  27  28  29  30  31  32  33  34  35
  36  37  38  39  40  41  42  43  44  45  46  47  48  49  50  51  52  53
  54  55  56  57  58  59  60  61  62  63  64  65  66  67  68  69  70  71
  72  73  74  75  76  77  78  79  80  81  82  83  84  85  86  87  88  89
  90  91  92  93  94  95  96  97  98  99 100 101 102 103 104 105 106 107
 108 109 110 111 112 113 114 115 116 117 118 119 120 121 122 123 124 125
 126 127 128 129 130 131 132]
33.4646 	EXP 	New trial (rep=0, index=0): {'basicShape': 'circle', 'numObjectsInRing': 8, 'speed': 0.23, 'initialDirRing0': -1, 'numTargets': 2, 'whichIsTargetEachRing': array([-999., -999., -999.]), 'ringToQuery': 999}
68.0954 	INFO 	Successfully set darwin thread to realtime
68.1963 	EXP 	window1: mouseVisible = False
74.2494 	EXP 	window1: mouseVisible = True
125.3457 	DATA 	Mouse: Left button down, pos=(110,550)
125.7297 	DATA 	Mouse:  Left button up, pos=(93,906)
128.6714 	DATA 	Keypress: escape
128.9231 	EXP 	New trial (rep=0, index=1): {'basicShape': 'circle', 'numObjectsInRing': 8, 'speed': 0.64, 'initialDirRing0': 1, 'numTargets': 3, 'whichIsTargetEachRing': array([-999., -999., -999.]), 'ringToQuery': 999}
129.1242 	INFO 	User aborted experiment by keypress with trialNum=1
129.2598 	EXP 	window1: mouseVisible = True
