11.8991 	ERROR 	Median frames per second =85.0 BUT program assumes 110.0which is off by more than3%!!
11.8992 	INFO 	longFrameLimit=11.545 Recording trials where one or more interframe interval exceeded this figure 
11.8992 	INFO 	computer platform=darwin
11.8992 	INFO 	File that generated this = sys.argv[0]= /Users/labmember/Documents/MOTcircularClean_0208/MOTcircular.py
11.8992 	INFO 	has_retina_scrn=False
1.0000 	INFO 	trialsPerCondition =
11.8998 	WARNING 	Requested an unavailable screen number - using first available.
12.3751 	EXP 	Created window1 = Window(allowGUI=False, allowStencil=False, autoLog=True, backendConf=UNKNOWN, backgroundFit=<method-wrapper '__getattribute__' of attributeSetter object at 0x7f850e876760>, backgroundImage=<method-wrapper '__getattribute__' of attributeSetter object at 0x7f850e876700>, bitsMode=UNKNOWN, blendMode='avg', bpc=(8, 8, 8), color=array([-1, -1, -1]), colorSpace='rgb', depthBits=8, fullscr=<method-wrapper '__getattribute__' of attributeSetter object at 0x7f850e876580>, gamma=None, gammaErrorPolicy='raise', lms=UNKNOWN, monitor=<psychopy.monitors.calibTools.Monitor object at 0x7f85074aceb0>, multiSample=False, name='window1', numSamples=2, pos=[0.0, 0.0], screen=1, size=array([800, 600]), stencilBits=0, stereo=False, title='PsychoPy', units='deg', useFBO=False, useRetina=False, viewOri=0.0, viewPos=None, viewScale=None, waitBlanking=False, winType='pyglet')
12.3752 	EXP 	window1: mouseVisible = True
12.3753 	EXP 	window1: backgroundImage = None
12.3753 	EXP 	window1: backgroundFit = 'cover'
12.3754 	EXP 	window1: mouseVisible = 'true'
12.6447 	INFO 	Successfully set darwin thread to realtime
13.3526 	INFO 	second window opening runInfo mean ms=11.69026344066848
13.3526 	INFO 	#[ PsychoPy3 RuntimeInfoStart ]
  #[[ PsychoPy ]] #---------
    psychopyVersion: 2023.2.3
    psychopyHaveExtRush: True
  #[[ Experiment ]] #---------
    experimentAuthVersion: None
    experimentAuthor: None
    experimentRunTime: 2024_02_21 17:02 (Year_Month_Day Hour:Min)
    experimentRunTime.epoch: 1708495359
    experimentScript: MOTcircular.py
    experimentScript.digestSHA1: e12163294c3472dda5478dfc98f172362f66902a
    experimentScript.directory: /Users/labmember/Documents/MOTcircularClean_0208
  #[[ System ]] #---------
    systemFlacVersion: flac 1.3.3
    systemHaveInternetAccess: False (proxies not attempted)
    systemHostName: Alexs-MacBook-Pro.local
    systemLocale: None.UTF-8
    systemMemFreeRAM: 11257.84375
    systemMemTotalRAM: 16384.0
    systemPlatform: darwin 10.16 x86_64
    systemRavailable: R version 4.0.3 (2020-10-10) -- Bunny-Wunnies Freak Out
    systemRebooted: Feb 21 09:43
    systemSec.OpenSSLVersion: LibreSSL 2.8.3
    systemSec.pythonSSL: True
    systemTimeNumpySD1000000_sec: 0.0035
    systemUser: labmember
    systemUserID: 503
    systemUserProcCmdPid: airportd containermanager psychopy runningboardd displaypolicyd login contextstoreagent weatherwidget com.apple.sbd dockhelper logind mediaremoteagent nesessionmanager knowledge-agent deleted_helper amsengagementd mirrordisplays nehelper calendaragent com.apple.colors corelocationagent imdpersistenceagent securityd_servic imagent controlstrip microstackshot usagetrackingagent mobileactivation usereventagent tccd osduihelper coreservicesd systemuiserver 'github desktop helper (gpu)' secd useractivityd pbs com.apple.audio. loginwindow com.apple.dock.external.extra.x86_64 coreaudiod notificationcenter rtcreportingd hasplmd symseplps ampartworkagent coreauthd mds_stores applessdstatisti iconservicesagen biokitaggdd appssoagent echo_adhoc_contr talagent adid protectedcloudkeysyncing com.apple.clouddocs.mobiledocumentsfileprovider followupd wifivelocityd passwordbreachagent com.apple.safari.history com.apple.appkit.xpc.openandsavepanelservice revisiond mdworker online-authd spotlight cachedeleteextension com.apple.appleu vdcassistant emojifunctionrowim_extension terminal contactsaccountsservice homed installd mediaremoted cloudphotod echo_nginx perfpowerservice securityd stockswidget usernoted imremoteurlconnectionagent windowserver touchbarserver podcastcontentservice airplayxpchelper submitdiaginfo echo_restapi 'keychain circle notification' safeejectgpuservice symptomsd assetcachetether scopedbookmarkagent apsd logd_helper suggestd com.apple.characterpicker.fileservice dock akd appleeventsd viewbridgeauxiliary triald powerd amfid colorsync.displa opendirectoryd com.apple.mobile bluetoothd crashreportersup awdd lskdd notifyd xpcroleaccountd mobileassetd rapportd 'github desktop helper' corespeechd networkserviceproxy wifiagent assetcachelocatorservice apfsd callhistorypluginhelper icdd remoted taskgated usbd applecredentialm safarilaunchagent xartstorageremot tvcacheextension avatarsd mdworker_shared fontd applespell findmydeviced logd usbagent fseventsd uninstalld kerneleventagent aslmanager searchpartyd airplayuiagent assetcache mdnsresponder ctkahp pkd iconservicesd commerce systemsoundserve categoriesservice smd softwareupdatenotificationmanager keyboardservicesd aksusbd contextstored secinitd suhelperd lsd idecachedeleteappextension standalonehidaud echo_task_manage dmd quicklookuiservice reportcrash finder xprotect textinputswitcher distnoted universalaccessd sandboxd safeejectgpuagent xprotectservice contextservice iconservicesagent wirelessradioman ndoagent plugin-container askpermissiond com.apple.stream kernel_task containermanagerd bash bird mtlcompilerservi com.apple.quicklook.thumbnailsagent sysdiagnose softwareupdated kernelmanagerd com.apple.accoun hidd autofsd wifianalyticsd safaribookmarkssyncagent gsscred routined com.apple.bkagentservice fud icloudnotificationagent textinputmenuagent echo_upload_log syslogd authd cloudd com.apple.ambien appstoreagent configd audiocomponentregistrar escrowsecurityalert locationd pah_extension translationd keybagd com.symantec.mes receiverhelper dasd powerchime echo_session_agent ctkd servicerecords echo_uc_upload zoutlookpluginagent calncservice colorsyncd replayd spindump_agent fontworker familycircled cfprefsd amsaccountsd accountsd itunescloudd sysextd media-indexer photoanalysisd sharedfilelistd assistantd mds screentimewidgetextension cloudpaird deleted corespotlightd gamecontrollerd embeddedosinstal endpointsecurity fileproviderd 'github desktop helper (renderer)' corebrightnessd fairplayd com.apple.geod com.apple.safari.safebrowsing.service echo_spinner datadetectorssou com.apple.siri.embeddedspeech mdbulkimport dprivacyd storedownloadd sysmond xprotectpluginservice imklaunchagent symptomsd-diag com.apple.hiservices-xpcservice com.apple.cmio.r backupd mailcachedelete eoshostd storagekitd careportingservi morphunassetsupd biometrickitd timed fudhelperagent coreduetd echo_system_stat ampdevicediscoveryagent echo_ws_api zsh audiocomponentre com.apple.codesi usbmuxd assetcachelocato photolibraryd diskmanagementd com.cisco.anycon symsharedsetting swcd devicecheckd vpnagentd thermalmonitord 'github desktop' parsecd cdpd colorsync.useragent syspolicyd pluginlibraryservice nfcd bootinstalld siriinferenced system_installd calendarwidgetextension auditd backupd-helper newstoday2 xprotectpluginse transparencyd com.apple.hiserv sharingd launchservicesd lockoutagent cvmserver apfsuseragent findmymacd diagnostics_agent launchd wifivelocityagent com.apple.appsto coresymbolicatio poweruiagent mapspushd diskarbitrationd cloudkeychainproxy symantec aspcarrylog localizationswitcherd seld thermald installcoordinat identityservicesd periodic-wrapper nsurlsessiond com.apple.dock.extra filecoordination pboard uikitsystem com.apple.driver amplibraryagent usernotificationcenter worldclockwidget firefox echo_shrec mdnsresponderhel commcenter com.apple.ifdrea tzd controlcenter screentimeagent adprivacyd agsservice backgroundtaskmanagementagent aned analyticsd viewbridgeauxili callservicesd dpsubmissionserv musiccacheextension carboncomponentscannerxpc diagnosticextensionsd trustd nbagent imautomatichistorydeletionagent neagent fmfd python spindump passd captiveagent echo_user_agent watchdogd systemstats pluginlibraryser uarpupdaterservi
    systemUserProcCount: 458
    systemUserProcFlagged: SafariLaunchAgent SafariBookmarksSyncAgent mds_stores mds mdworker itunescloudd firefox mdworker_shared
    systemUsersCount: 1
  #[[ Window ]] #---------
    windowWinType: pyglet
    windowWaitBlanking: False
    windowUseNativeGamma: True
    windowUnits: deg
    windowSize_pix: [800 600]
    windowScreen: 1
    windowRgb: [-1 -1 -1]
    windowRefreshTimeSD_ms: 0.868
    windowRefreshTimeMedian_ms: 11.754
    windowRefreshTimeAvg_ms: 11.690
    windowRefreshThreshold_sec: 0.0141
    windowRecordFrameIntervals: False
    windowPos_pix: [0.0, 0.0]
    windowMonitor.name: testMonitor
    windowMonitor.getWidth_cm: 38.0
    windowMonitor.getLinearizeMethod: 1
    windowMonitor.getGammaGrid: [[ 0.  1.  1. nan nan nan]
 [ 0.  1.  1. nan nan nan]
 [ 0.  1.  1. nan nan nan]
 [ 0.  1.  1. nan nan nan]]
    windowMonitor.getDistance_cm: 50.0
    windowMonitor.gammaInterpolator2: None
    windowMonitor.gammaInterpolator: None
    windowMonitor.currentCalibName: 2023_12_15 12:40
    windowIsFullScr: 1
    windowHaveShaders: True
    windowAllowGUI: False
  #[[ Python ]] #---------
    pythonWxVersion: 4.1.1 osx-cocoa (phoenix) wxWidgets 3.1.5
    pythonVersion: 3.8.10
    pythonScipyVersion: 1.10.1
    pythonPygletVersion: 1.5.27
    pythonPygameVersion: (no pygame)
    pythonNumpyVersion: 1.23.5
    pythonMatplotlibVersion: 3.7.1
    pythonFullVersion: 3.8.10 (v3.8.10:3d8993a744, May  3 2021, 08:55:58)  [Clang 6.0 (clang-600.0.57)]
    pythonExecutable: /Applications/PsychoPy.app/Contents/MacOS/python
  #[[ OpenGL ]] #---------
    openGLmaxVerticesInVertexArray: 1048575
    False: openGLext.GL_STEREO
    True: openGLext.GL_EXT_framebuffer_object
    True: openGLext.GL_ARB_vertex_shader
    True: openGLext.GL_ARB_texture_non_power_of_two
    True: openGLext.GL_ARB_texture_float
    True: openGLext.GL_ARB_shader_objects
    True: openGLext.GL_ARB_multitexture
    True: openGLext.GL_ARB_fragment_program
    openGLVersion: 2.1 ATI-4.6.20
    openGLVendor: ATI Technologies Inc.
    openGLRenderingEngine: AMD Radeon Pro 460 OpenGL Engine
#[ PsychoPy3 RuntimeInfoEnd ]

13.3535 	INFO 	gammaGrid=[[ 0.  1.  1. nan nan nan]
 [ 0.  1.  1. nan nan nan]
 [ 0.  1.  1. nan nan nan]
 [ 0.  1.  1. nan nan nan]]
13.3535 	INFO 	linearizeMethod=1
13.3547 	EXP 	window1: mouseVisible = True
13.3573 	EXP 	window1: mouseVisible = True
13.3621 	EXP 	window1: mouseVisible = True
13.3633 	EXP 	window1: mouseVisible = True
13.3643 	EXP 	window1: mouseVisible = True
13.3653 	EXP 	window1: mouseVisible = True
13.3668 	EXP 	window1: mouseVisible = True
13.3678 	EXP 	window1: mouseVisible = True
13.3685 	EXP 	window1: mouseVisible = True
13.3703 	EXP 	window1: mouseVisible = True
13.3720 	EXP 	window1: mouseVisible = True
13.3741 	EXP 	window1: mouseVisible = True
13.4147 	EXP 	window1: mouseVisible = True
13.4179 	EXP 	window1: mouseVisible = True
13.4209 	EXP 	window1: mouseVisible = True
13.7690 	EXP 	Created sequence: random, trialTypes=40, nReps=1, seed=None
13.9894 	INFO 	starting exp with name: "TemporalFrequencyLimit" at 21Feb2024_17-02
13.9894 	INFO 	numtrials=40, trialDurMin= 1 trackVariableIntervMax= 0.8refreshRate=110.0
13.9895 	INFO 	cueRampUpDur=0 cueRampDownDur= 0 secs
13.9895 	INFO 	task=track   respType=order
13.9897 	INFO 	ring radii=[ 2.5  7.  15. ]
13.9897 	INFO 	drawingAsGrating=False gratingTexPix=1024 antialiasGrating=True
trialnum=0 ERROR,151 frames were longer than 11.545 ms apparently screen refreshes skipped, interframe durs were:[18.1 17.9 18.1 17.9 17.8 18.3 18.  18.6 18.4 17.9 17.8 17.8 17.9 17.9
 18.1 19.6 22.9 21.1 34.9 22.2 19.2 18.8 18.9 19.4 18.9 18.8 18.  17.8
 17.7 18.2 18.4 18.4 18.  18.9 18.8 19.  19.  18.9 18.9 18.7 20.7 18.5
 18.7 19.  19.5 18.5 18.9 18.6 18.4 18.9 17.9 17.9 17.9 17.8 18.  18.
 18.7 18.1 18.3 18.6 18.3 18.5 18.  18.3 18.2 18.2 19.3 18.5 18.3 18.2
 18.5 18.4 18.1 23.  18.2 20.  18.4 17.9 17.6 17.6 17.7 18.  17.7 18.
 18.9 17.9 19.1 19.2 18.6 19.1 18.6 18.7 19.2 18.7 18.  18.  17.5 17.5
 17.6 17.6 17.7 17.7 18.4 18.4 19.3 18.8 18.4 18.2 18.5 18.3 18.4 18.2
 18.4 18.2 18.5 19.1 18.3 18.9 18.5 18.5 18.9 18.4 19.1 18.8 18.5 18.6
 22.2 22.4 18.9 18.7 18.5 18.8 18.1 18.7 18.3 18.8 18.5 18.7 18.4 18.4
 19.  18.6 18.5 18.4 18.9 18.4 18.7 18.3 18.9 19.  19.3] and was these frames: [  0   1   2   3   4   5   6   7   8   9  10  11  12  13  14  15  16  17
  18  19  20  21  22  23  24  25  26  27  28  29  30  31  32  33  34  35
  36  37  38  39  40  41  42  43  44  45  46  47  48  49  50  51  52  53
  54  55  56  57  58  59  60  61  62  63  64  65  66  67  68  69  70  71
  72  73  74  75  76  77  78  79  80  81  82  83  84  85  86  87  88  89
  90  91  92  93  94  95  96  97  98  99 100 101 102 103 104 105 106 107
 108 109 110 111 112 113 114 115 116 117 118 119 120 121 122 123 124 125
 126 127 128 129 130 131 132 133 134 135 136 137 138 139 140 141 142 143
 144 145 146 147 148 149 150]
13.9917 	EXP 	New trial (rep=0, index=0): {'basicShape': 'circle', 'numObjectsInRing': 8, 'speed': 0.11, 'initialDirRing0': 1, 'numTargets': 3, 'whichIsTargetEachRing': array([-999., -999., -999.]), 'ringToQuery': 999}
294.2949 	INFO 	Successfully set darwin thread to realtime
294.3958 	EXP 	window1: mouseVisible = False
300.0688 	DATA 	Mouse: Left button down, pos=(651,567)
300.5499 	DATA 	Mouse:  Left button up, pos=(770,629)
302.0571 	EXP 	window1: mouseVisible = True
337.5990 	DATA 	Mouse: Right button down, pos=(537,481)
337.5996 	DATA 	Mouse:  Right button up, pos=(537,481)
616.7728 	DATA 	Mouse: Left button down, pos=(552,395)
617.7181 	DATA 	Mouse:  Left button up, pos=(896,543)
618.7531 	DATA 	Mouse: Left button down, pos=(439,329)
618.8897 	EXP 	window1: mouseVisible = True
